19:44:37 com_github_adamws_kicad-kbplacer.kbplacer_plugin_action 50: Plugin executed with KiCad version: 7.0.6
19:44:37 com_github_adamws_kicad-kbplacer.kbplacer_plugin_action 51: Plugin executed with python version: '3.10.12 (main, Jun 11 2023, 05:26:28) [GCC 11.4.0]'
19:45:02 com_github_adamws_kicad-kbplacer.kbplacer_plugin_action 65: User layout: {'meta': {'author': '', 'backcolor': '#eeeeee', 'background': None, 'name': '', 'notes': '', 'radii': '', 'switchBrand': '', 'switchMount': '', 'switchType': ''}, 'keys': [{'color': '#cccccc', 'labels': ['Esc'], 'textColor': [], 'textSize': [], 'default': {'textColor': '#000000', 'textSize': 3}, 'x': 0, 'y': 0, 'width': 1, 'height': 1, 'x2': 0, 'y2': 0, 'width2': 1, 'height2': 1, 'rotation_x': 0, 'rotation_y': 0, 'rotation_angle': 0, 'decal': False, 'ghost': False, 'stepped': False, 'nub': False, 'profile': '', 'sm': '', 'sb': '', 'st': ''}, {'color': '#cccccc', 'labels': ['!', None, None, None, None, None, '1'], 'textColor': [], 'textSize': [], 'default': {'textColor': '#000000', 'textSize': 3}, 'x': 1.25, 'y': 0, 'width': 1, 'height': 1, 'x2': 0, 'y2': 0, 'width2': 1, 'height2': 1, 'rotation_x': 0, 'rotation_y': 0, 'rotation_angle': 0, 'decal': False, 'ghost': False, 'stepped': False, 'nub': False, 'profile': '', 'sm': '', 'sb': '', 'st': ''}, {'color': '#cccccc', 'labels': ['"', None, None, None, None, None, '2'], 'textColor': [], 'textSize': [], 'default': {'textColor': '#000000', 'textSize': 3}, 'x': 2.25, 'y': 0, 'width': 1, 'height': 1, 'x2': 0, 'y2': 0, 'width2': 1, 'height2': 1, 'rotation_x': 0, 'rotation_y': 0, 'rotation_angle': 0, 'decal': False, 'ghost': False, 'stepped': False, 'nub': False, 'profile': '', 'sm': '', 'sb': '', 'st': ''}, {'color': '#cccccc', 'labels': ['£', None, None, None, None, None, '3'], 'textColor': [], 'textSize': [], 'default': {'textColor': '#000000', 'textSize': 3}, 'x': 3.25, 'y': 0, 'width': 1, 'height': 1, 'x2': 0, 'y2': 0, 'width2': 1, 'height2': 1, 'rotation_x': 0, 'rotation_y': 0, 'rotation_angle': 0, 'decal': False, 'ghost': False, 'stepped': False, 'nub': False, 'profile': '', 'sm': '', 'sb': '', 'st': ''}, {'color': '#cccccc', 'labels': ['$', None, None, None, None, None, '4'], 'textColor': [], 'textSize': [], 'default': {'textColor': '#000000', 'textSize': 3}, 'x': 4.25, 'y': 0, 'width': 1, 'height': 1, 'x2': 0, 'y2': 0, 'width2': 1, 'height2': 1, 'rotation_x': 0, 'rotation_y': 0, 'rotation_angle': 0, 'decal': False, 'ghost': False, 'stepped': False, 'nub': False, 'profile': '', 'sm': '', 'sb': '', 'st': ''}, {'color': '#cccccc', 'labels': ['%', None, None, None, None, None, '5'], 'textColor': [], 'textSize': [], 'default': {'textColor': '#000000', 'textSize': 3}, 'x': 5.25, 'y': 0, 'width': 1, 'height': 1, 'x2': 0, 'y2': 0, 'width2': 1, 'height2': 1, 'rotation_x': 0, 'rotation_y': 0, 'rotation_angle': 0, 'decal': False, 'ghost': False, 'stepped': False, 'nub': False, 'profile': '', 'sm': '', 'sb': '', 'st': ''}, {'color': '#cccccc', 'labels': ['^', None, None, None, None, None, '6'], 'textColor': [], 'textSize': [], 'default': {'textColor': '#000000', 'textSize': 3}, 'x': 6.25, 'y': 0, 'width': 1, 'height': 1, 'x2': 0, 'y2': 0, 'width2': 1, 'height2': 1, 'rotation_x': 0, 'rotation_y': 0, 'rotation_angle': 0, 'decal': False, 'ghost': False, 'stepped': False, 'nub': False, 'profile': '', 'sm': '', 'sb': '', 'st': ''}, {'color': '#cccccc', 'labels': ['&', None, None, None, None, None, '7'], 'textColor': [], 'textSize': [], 'default': {'textColor': '#000000', 'textSize': 3}, 'x': 7.5, 'y': 0, 'width': 1, 'height': 1, 'x2': 0, 'y2': 0, 'width2': 1, 'height2': 1, 'rotation_x': 0, 'rotation_y': 0, 'rotation_angle': 0, 'decal': False, 'ghost': False, 'stepped': False, 'nub': False, 'profile': '', 'sm': '', 'sb': '', 'st': ''}, {'color': '#cccccc', 'labels': ['*', None, None, None, None, None, '8'], 'textColor': [], 'textSize': [], 'default': {'textColor': '#000000', 'textSize': 3}, 'x': 8.5, 'y': 0, 'width': 1, 'height': 1, 'x2': 0, 'y2': 0, 'width2': 1, 'height2': 1, 'rotation_x': 0, 'rotation_y': 0, 'rotation_angle': 0, 'decal': False, 'ghost': False, 'stepped': False, 'nub': False, 'profile': '', 'sm': '', 'sb': '', 'st': ''}, {'color': '#cccccc', 'labels': ['(', None, None, None, None, None, '9'], 'textColor': [], 'textSize': [], 'default': {'textColor': '#000000', 'textSize': 3}, 'x': 9.5, 'y': 0, 'width': 1, 'height': 1, 'x2': 0, 'y2': 0, 'width2': 1, 'height2': 1, 'rotation_x': 0, 'rotation_y': 0, 'rotation_angle': 0, 'decal': False, 'ghost': False, 'stepped': False, 'nub': False, 'profile': '', 'sm': '', 'sb': '', 'st': ''}, {'color': '#cccccc', 'labels': [')', None, None, None, None, None, '0'], 'textColor': [], 'textSize': [], 'default': {'textColor': '#000000', 'textSize': 3}, 'x': 10.5, 'y': 0, 'width': 1, 'height': 1, 'x2': 0, 'y2': 0, 'width2': 1, 'height2': 1, 'rotation_x': 0, 'rotation_y': 0, 'rotation_angle': 0, 'decal': False, 'ghost': False, 'stepped': False, 'nub': False, 'profile': '', 'sm': '', 'sb': '', 'st': ''}, {'color': '#cccccc', 'labels': ['_', None, None, None, None, None, '-', None, None, None, 'C:bsx2'], 'textColor': [], 'textSize': [], 'default': {'textColor': '#000000', 'textSize': 3}, 'x': 11.5, 'y': 0, 'width': 1, 'height': 1, 'x2': 0, 'y2': 0, 'width2': 1, 'height2': 1, 'rotation_x': 0, 'rotation_y': 0, 'rotation_angle': 0, 'decal': False, 'ghost': False, 'stepped': False, 'nub': False, 'profile': '', 'sm': '', 'sb': '', 'st': ''}, {'color': '#cccccc', 'labels': ['+', None, None, None, None, None, '='], 'textColor': [], 'textSize': [], 'default': {'textColor': '#000000', 'textSize': 3}, 'x': 12.5, 'y': 0, 'width': 1, 'height': 1, 'x2': 0, 'y2': 0, 'width2': 1, 'height2': 1, 'rotation_x': 0, 'rotation_y': 0, 'rotation_angle': 0, 'decal': False, 'ghost': False, 'stepped': False, 'nub': False, 'profile': '', 'sm': '', 'sb': '', 'st': ''}, {'color': '#cccccc', 'labels': ['Tab'], 'textColor': [], 'textSize': [], 'default': {'textColor': '#000000', 'textSize': 3}, 'x': 0, 'y': 1.25, 'width': 1.5, 'height': 1, 'x2': 0, 'y2': 0, 'width2': 1.5, 'height2': 1, 'rotation_x': 0, 'rotation_y': 0, 'rotation_angle': 0, 'decal': False, 'ghost': False, 'stepped': False, 'nub': False, 'profile': '', 'sm': '', 'sb': '', 'st': ''}, {'color': '#cccccc', 'labels': ['Q'], 'textColor': [], 'textSize': [], 'default': {'textColor': '#000000', 'textSize': 3}, 'x': 1.5, 'y': 1.25, 'width': 1, 'height': 1, 'x2': 0, 'y2': 0, 'width2': 1, 'height2': 1, 'rotation_x': 0, 'rotation_y': 0, 'rotation_angle': 0, 'decal': False, 'ghost': False, 'stepped': False, 'nub': False, 'profile': '', 'sm': '', 'sb': '', 'st': ''}, {'color': '#cccccc', 'labels': ['W'], 'textColor': [], 'textSize': [], 'default': {'textColor': '#000000', 'textSize': 3}, 'x': 2.5, 'y': 1.25, 'width': 1, 'height': 1, 'x2': 0, 'y2': 0, 'width2': 1, 'height2': 1, 'rotation_x': 0, 'rotation_y': 0, 'rotation_angle': 0, 'decal': False, 'ghost': False, 'stepped': False, 'nub': False, 'profile': '', 'sm': '', 'sb': '', 'st': ''}, {'color': '#cccccc', 'labels': ['E'], 'textColor': [], 'textSize': [], 'default': {'textColor': '#000000', 'textSize': 3}, 'x': 3.5, 'y': 1.25, 'width': 1, 'height': 1, 'x2': 0, 'y2': 0, 'width2': 1, 'height2': 1, 'rotation_x': 0, 'rotation_y': 0, 'rotation_angle': 0, 'decal': False, 'ghost': False, 'stepped': False, 'nub': False, 'profile': '', 'sm': '', 'sb': '', 'st': ''}, {'color': '#cccccc', 'labels': ['R'], 'textColor': [], 'textSize': [], 'default': {'textColor': '#000000', 'textSize': 3}, 'x': 4.5, 'y': 1.25, 'width': 1, 'height': 1, 'x2': 0, 'y2': 0, 'width2': 1, 'height2': 1, 'rotation_x': 0, 'rotation_y': 0, 'rotation_angle': 0, 'decal': False, 'ghost': False, 'stepped': False, 'nub': False, 'profile': '', 'sm': '', 'sb': '', 'st': ''}, {'color': '#cccccc', 'labels': ['T'], 'textColor': [], 'textSize': [], 'default': {'textColor': '#000000', 'textSize': 3}, 'x': 5.5, 'y': 1.25, 'width': 1, 'height': 1, 'x2': 0, 'y2': 0, 'width2': 1, 'height2': 1, 'rotation_x': 0, 'rotation_y': 0, 'rotation_angle': 0, 'decal': False, 'ghost': False, 'stepped': False, 'nub': False, 'profile': '', 'sm': '', 'sb': '', 'st': ''}, {'color': '#cccccc', 'labels': ['Y'], 'textColor': [], 'textSize': [], 'default': {'textColor': '#000000', 'textSize': 3}, 'x': 6.5, 'y': 1.25, 'width': 1, 'height': 1, 'x2': 0, 'y2': 0, 'width2': 1, 'height2': 1, 'rotation_x': 0, 'rotation_y': 0, 'rotation_angle': 0, 'decal': False, 'ghost': False, 'stepped': False, 'nub': False, 'profile': '', 'sm': '', 'sb': '', 'st': ''}, {'color': '#cccccc', 'labels': ['U'], 'textColor': [], 'textSize': [], 'default': {'textColor': '#000000', 'textSize': 3}, 'x': 7.5, 'y': 1.25, 'width': 1, 'height': 1, 'x2': 0, 'y2': 0, 'width2': 1, 'height2': 1, 'rotation_x': 0, 'rotation_y': 0, 'rotation_angle': 0, 'decal': False, 'ghost': False, 'stepped': False, 'nub': False, 'profile': '', 'sm': '', 'sb': '', 'st': ''}, {'color': '#cccccc', 'labels': ['I'], 'textColor': [], 'textSize': [], 'default': {'textColor': '#000000', 'textSize': 3}, 'x': 8.5, 'y': 1.25, 'width': 1, 'height': 1, 'x2': 0, 'y2': 0, 'width2': 1, 'height2': 1, 'rotation_x': 0, 'rotation_y': 0, 'rotation_angle': 0, 'decal': False, 'ghost': False, 'stepped': False, 'nub': False, 'profile': '', 'sm': '', 'sb': '', 'st': ''}, {'color': '#cccccc', 'labels': ['O'], 'textColor': [], 'textSize': [], 'default': {'textColor': '#000000', 'textSize': 3}, 'x': 9.5, 'y': 1.25, 'width': 1, 'height': 1, 'x2': 0, 'y2': 0, 'width2': 1, 'height2': 1, 'rotation_x': 0, 'rotation_y': 0, 'rotation_angle': 0, 'decal': False, 'ghost': False, 'stepped': False, 'nub': False, 'profile': '', 'sm': '', 'sb': '', 'st': ''}, {'color': '#cccccc', 'labels': ['P'], 'textColor': [], 'textSize': [], 'default': {'textColor': '#000000', 'textSize': 3}, 'x': 10.5, 'y': 1.25, 'width': 1, 'height': 1, 'x2': 0, 'y2': 0, 'width2': 1, 'height2': 1, 'rotation_x': 0, 'rotation_y': 0, 'rotation_angle': 0, 'decal': False, 'ghost': False, 'stepped': False, 'nub': False, 'profile': '', 'sm': '', 'sb': '', 'st': ''}, {'color': '#cccccc', 'labels': ['{', None, None, None, None, None, '[', None, None, None, 'C:bsIso'], 'textColor': [], 'textSize': [], 'default': {'textColor': '#000000', 'textSize': 3}, 'x': 11.5, 'y': 1.25, 'width': 1, 'height': 1, 'x2': 0, 'y2': 0, 'width2': 1, 'height2': 1, 'rotation_x': 0, 'rotation_y': 0, 'rotation_angle': 0, 'decal': False, 'ghost': False, 'stepped': False, 'nub': False, 'profile': '', 'sm': '', 'sb': '', 'st': ''}, {'color': '#cccccc', 'labels': ['}', None, None, None, None, None, ']'], 'textColor': [], 'textSize': [], 'default': {'textColor': '#000000', 'textSize': 3}, 'x': 12.5, 'y': 1.25, 'width': 1, 'height': 1, 'x2': 0, 'y2': 0, 'width2': 1, 'height2': 1, 'rotation_x': 0, 'rotation_y': 0, 'rotation_angle': 0, 'decal': False, 'ghost': False, 'stepped': False, 'nub': False, 'profile': '', 'sm': '', 'sb': '', 'st': ''}, {'color': '#cccccc', 'labels': ['Caps Lock'], 'textColor': [], 'textSize': [], 'default': {'textColor': '#000000', 'textSize': 3}, 'x': 0, 'y': 2.25, 'width': 1.75, 'height': 1, 'x2': 0, 'y2': 0, 'width2': 1.75, 'height2': 1, 'rotation_x': 0, 'rotation_y': 0, 'rotation_angle': 0, 'decal': False, 'ghost': False, 'stepped': False, 'nub': False, 'profile': '', 'sm': '', 'sb': '', 'st': ''}, {'color': '#cccccc', 'labels': ['A'], 'textColor': [], 'textSize': [], 'default': {'textColor': '#000000', 'textSize': 3}, 'x': 1.75, 'y': 2.25, 'width': 1, 'height': 1, 'x2': 0, 'y2': 0, 'width2': 1, 'height2': 1, 'rotation_x': 0, 'rotation_y': 0, 'rotation_angle': 0, 'decal': False, 'ghost': False, 'stepped': False, 'nub': False, 'profile': '', 'sm': '', 'sb': '', 'st': ''}, {'color': '#cccccc', 'labels': ['S'], 'textColor': [], 'textSize': [], 'default': {'textColor': '#000000', 'textSize': 3}, 'x': 2.75, 'y': 2.25, 'width': 1, 'height': 1, 'x2': 0, 'y2': 0, 'width2': 1, 'height2': 1, 'rotation_x': 0, 'rotation_y': 0, 'rotation_angle': 0, 'decal': False, 'ghost': False, 'stepped': False, 'nub': False, 'profile': '', 'sm': '', 'sb': '', 'st': ''}, {'color': '#cccccc', 'labels': ['D'], 'textColor': [], 'textSize': [], 'default': {'textColor': '#000000', 'textSize': 3}, 'x': 3.75, 'y': 2.25, 'width': 1, 'height': 1, 'x2': 0, 'y2': 0, 'width2': 1, 'height2': 1, 'rotation_x': 0, 'rotation_y': 0, 'rotation_angle': 0, 'decal': False, 'ghost': False, 'stepped': False, 'nub': False, 'profile': '', 'sm': '', 'sb': '', 'st': ''}, {'color': '#cccccc', 'labels': ['F'], 'textColor': [], 'textSize': [], 'default': {'textColor': '#000000', 'textSize': 3}, 'x': 4.75, 'y': 2.25, 'width': 1, 'height': 1, 'x2': 0, 'y2': 0, 'width2': 1, 'height2': 1, 'rotation_x': 0, 'rotation_y': 0, 'rotation_angle': 0, 'decal': False, 'ghost': False, 'stepped': False, 'nub': False, 'profile': '', 'sm': '', 'sb': '', 'st': ''}, {'color': '#cccccc', 'labels': ['G'], 'textColor': [], 'textSize': [], 'default': {'textColor': '#000000', 'textSize': 3}, 'x': 5.75, 'y': 2.25, 'width': 1, 'height': 1, 'x2': 0, 'y2': 0, 'width2': 1, 'height2': 1, 'rotation_x': 0, 'rotation_y': 0, 'rotation_angle': 0, 'decal': False, 'ghost': False, 'stepped': False, 'nub': False, 'profile': '', 'sm': '', 'sb': '', 'st': ''}, {'color': '#cccccc', 'labels': ['H'], 'textColor': [], 'textSize': [], 'default': {'textColor': '#000000', 'textSize': 3}, 'x': 6.75, 'y': 2.25, 'width': 1, 'height': 1, 'x2': 0, 'y2': 0, 'width2': 1, 'height2': 1, 'rotation_x': 0, 'rotation_y': 0, 'rotation_angle': 0, 'decal': False, 'ghost': False, 'stepped': False, 'nub': False, 'profile': '', 'sm': '', 'sb': '', 'st': ''}, {'color': '#cccccc', 'labels': ['J'], 'textColor': [], 'textSize': [], 'default': {'textColor': '#000000', 'textSize': 3}, 'x': 7.75, 'y': 2.25, 'width': 1, 'height': 1, 'x2': 0, 'y2': 0, 'width2': 1, 'height2': 1, 'rotation_x': 0, 'rotation_y': 0, 'rotation_angle': 0, 'decal': False, 'ghost': False, 'stepped': False, 'nub': False, 'profile': '', 'sm': '', 'sb': '', 'st': ''}, {'color': '#cccccc', 'labels': ['K'], 'textColor': [], 'textSize': [], 'default': {'textColor': '#000000', 'textSize': 3}, 'x': 8.75, 'y': 2.25, 'width': 1, 'height': 1, 'x2': 0, 'y2': 0, 'width2': 1, 'height2': 1, 'rotation_x': 0, 'rotation_y': 0, 'rotation_angle': 0, 'decal': False, 'ghost': False, 'stepped': False, 'nub': False, 'profile': '', 'sm': '', 'sb': '', 'st': ''}, {'color': '#cccccc', 'labels': ['L'], 'textColor': [], 'textSize': [], 'default': {'textColor': '#000000', 'textSize': 3}, 'x': 9.75, 'y': 2.25, 'width': 1, 'height': 1, 'x2': 0, 'y2': 0, 'width2': 1, 'height2': 1, 'rotation_x': 0, 'rotation_y': 0, 'rotation_angle': 0, 'decal': False, 'ghost': False, 'stepped': False, 'nub': False, 'profile': '', 'sm': '', 'sb': '', 'st': ''}, {'color': '#cccccc', 'labels': [':', None, None, None, None, None, ';'], 'textColor': [], 'textSize': [], 'default': {'textColor': '#000000', 'textSize': 3}, 'x': 10.75, 'y': 2.25, 'width': 1, 'height': 1, 'x2': 0, 'y2': 0, 'width2': 1, 'height2': 1, 'rotation_x': 0, 'rotation_y': 0, 'rotation_angle': 0, 'decal': False, 'ghost': False, 'stepped': False, 'nub': False, 'profile': '', 'sm': '', 'sb': '', 'st': ''}, {'color': '#cccccc', 'labels': ['Ctrl'], 'textColor': [], 'textSize': [], 'default': {'textColor': '#000000', 'textSize': 3}, 'x': 11.75, 'y': 2.25, 'width': 1.75, 'height': 1, 'x2': 0, 'y2': 0, 'width2': 1.75, 'height2': 1, 'rotation_x': 0, 'rotation_y': 0, 'rotation_angle': 0, 'decal': False, 'ghost': False, 'stepped': False, 'nub': False, 'profile': '', 'sm': '', 'sb': '', 'st': ''}, {'color': '#cccccc', 'labels': ['Shift', None, None, None, None, None, None, None, None, None, 'C:Shift'], 'textColor': [], 'textSize': [], 'default': {'textColor': '#000000', 'textSize': 3}, 'x': 0, 'y': 3.25, 'width': 1, 'height': 1, 'x2': 0, 'y2': 0, 'width2': 1, 'height2': 1, 'rotation_x': 0, 'rotation_y': 0, 'rotation_angle': 0, 'decal': False, 'ghost': False, 'stepped': False, 'nub': False, 'profile': '', 'sm': '', 'sb': '', 'st': ''}, {'color': '#cccccc', 'labels': ['|', None, None, None, None, None, '\\'], 'textColor': [], 'textSize': [], 'default': {'textColor': '#000000', 'textSize': 3}, 'x': 1, 'y': 3.25, 'width': 1, 'height': 1, 'x2': 0, 'y2': 0, 'width2': 1, 'height2': 1, 'rotation_x': 0, 'rotation_y': 0, 'rotation_angle': 0, 'decal': False, 'ghost': False, 'stepped': False, 'nub': False, 'profile': '', 'sm': '', 'sb': '', 'st': ''}, {'color': '#cccccc', 'labels': ['Z'], 'textColor': [], 'textSize': [], 'default': {'textColor': '#000000', 'textSize': 3}, 'x': 2, 'y': 3.25, 'width': 1, 'height': 1, 'x2': 0, 'y2': 0, 'width2': 1, 'height2': 1, 'rotation_x': 0, 'rotation_y': 0, 'rotation_angle': 0, 'decal': False, 'ghost': False, 'stepped': False, 'nub': False, 'profile': '', 'sm': '', 'sb': '', 'st': ''}, {'color': '#cccccc', 'labels': ['X'], 'textColor': [], 'textSize': [], 'default': {'textColor': '#000000', 'textSize': 3}, 'x': 3, 'y': 3.25, 'width': 1, 'height': 1, 'x2': 0, 'y2': 0, 'width2': 1, 'height2': 1, 'rotation_x': 0, 'rotation_y': 0, 'rotation_angle': 0, 'decal': False, 'ghost': False, 'stepped': False, 'nub': False, 'profile': '', 'sm': '', 'sb': '', 'st': ''}, {'color': '#cccccc', 'labels': ['C'], 'textColor': [], 'textSize': [], 'default': {'textColor': '#000000', 'textSize': 3}, 'x': 4, 'y': 3.25, 'width': 1, 'height': 1, 'x2': 0, 'y2': 0, 'width2': 1, 'height2': 1, 'rotation_x': 0, 'rotation_y': 0, 'rotation_angle': 0, 'decal': False, 'ghost': False, 'stepped': False, 'nub': False, 'profile': '', 'sm': '', 'sb': '', 'st': ''}, {'color': '#cccccc', 'labels': ['V'], 'textColor': [], 'textSize': [], 'default': {'textColor': '#000000', 'textSize': 3}, 'x': 5, 'y': 3.25, 'width': 1, 'height': 1, 'x2': 0, 'y2': 0, 'width2': 1, 'height2': 1, 'rotation_x': 0, 'rotation_y': 0, 'rotation_angle': 0, 'decal': False, 'ghost': False, 'stepped': False, 'nub': False, 'profile': '', 'sm': '', 'sb': '', 'st': ''}, {'color': '#cccccc', 'labels': ['B'], 'textColor': [], 'textSize': [], 'default': {'textColor': '#000000', 'textSize': 3}, 'x': 6, 'y': 3.25, 'width': 1, 'height': 1, 'x2': 0, 'y2': 0, 'width2': 1, 'height2': 1, 'rotation_x': 0, 'rotation_y': 0, 'rotation_angle': 0, 'decal': False, 'ghost': False, 'stepped': False, 'nub': False, 'profile': '', 'sm': '', 'sb': '', 'st': ''}, {'color': '#cccccc', 'labels': ['N'], 'textColor': [], 'textSize': [], 'default': {'textColor': '#000000', 'textSize': 3}, 'x': 7, 'y': 3.25, 'width': 1, 'height': 1, 'x2': 0, 'y2': 0, 'width2': 1, 'height2': 1, 'rotation_x': 0, 'rotation_y': 0, 'rotation_angle': 0, 'decal': False, 'ghost': False, 'stepped': False, 'nub': False, 'profile': '', 'sm': '', 'sb': '', 'st': ''}, {'color': '#cccccc', 'labels': ['M'], 'textColor': [], 'textSize': [], 'default': {'textColor': '#000000', 'textSize': 3}, 'x': 8, 'y': 3.25, 'width': 1, 'height': 1, 'x2': 0, 'y2': 0, 'width2': 1, 'height2': 1, 'rotation_x': 0, 'rotation_y': 0, 'rotation_angle': 0, 'decal': False, 'ghost': False, 'stepped': False, 'nub': False, 'profile': '', 'sm': '', 'sb': '', 'st': ''}, {'color': '#cccccc', 'labels': ['<', None, None, None, None, None, ','], 'textColor': [], 'textSize': [], 'default': {'textColor': '#000000', 'textSize': 3}, 'x': 9, 'y': 3.25, 'width': 1, 'height': 1, 'x2': 0, 'y2': 0, 'width2': 1, 'height2': 1, 'rotation_x': 0, 'rotation_y': 0, 'rotation_angle': 0, 'decal': False, 'ghost': False, 'stepped': False, 'nub': False, 'profile': '', 'sm': '', 'sb': '', 'st': ''}, {'color': '#cccccc', 'labels': ['>', None, None, None, None, None, '.'], 'textColor': [], 'textSize': [], 'default': {'textColor': '#000000', 'textSize': 3}, 'x': 10, 'y': 3.25, 'width': 1, 'height': 1, 'x2': 0, 'y2': 0, 'width2': 1, 'height2': 1, 'rotation_x': 0, 'rotation_y': 0, 'rotation_angle': 0, 'decal': False, 'ghost': False, 'stepped': False, 'nub': False, 'profile': '', 'sm': '', 'sb': '', 'st': ''}, {'color': '#cccccc', 'labels': ['?', None, None, None, None, None, '/'], 'textColor': [], 'textSize': [], 'default': {'textColor': '#000000', 'textSize': 3}, 'x': 11, 'y': 3.25, 'width': 1, 'height': 1, 'x2': 0, 'y2': 0, 'width2': 1, 'height2': 1, 'rotation_x': 0, 'rotation_y': 0, 'rotation_angle': 0, 'decal': False, 'ghost': False, 'stepped': False, 'nub': False, 'profile': '', 'sm': '', 'sb': '', 'st': ''}, {'color': '#cccccc', 'labels': ['up'], 'textColor': [], 'textSize': [], 'default': {'textColor': '#000000', 'textSize': 3}, 'x': 12.25, 'y': 3.5, 'width': 1, 'height': 1, 'x2': 0, 'y2': 0, 'width2': 1, 'height2': 1, 'rotation_x': 0, 'rotation_y': 0, 'rotation_angle': 0, 'decal': False, 'ghost': False, 'stepped': False, 'nub': False, 'profile': '', 'sm': '', 'sb': '', 'st': ''}, {'color': '#cccccc', 'labels': ['Ctrl'], 'textColor': [], 'textSize': [], 'default': {'textColor': '#000000', 'textSize': 3}, 'x': 0, 'y': 4.25, 'width': 1.25, 'height': 1, 'x2': 0, 'y2': 0, 'width2': 1.25, 'height2': 1, 'rotation_x': 0, 'rotation_y': 0, 'rotation_angle': 0, 'decal': False, 'ghost': False, 'stepped': False, 'nub': False, 'profile': '', 'sm': '', 'sb': '', 'st': ''}, {'color': '#cccccc', 'labels': ['Win'], 'textColor': [], 'textSize': [], 'default': {'textColor': '#000000', 'textSize': 3}, 'x': 1.25, 'y': 4.25, 'width': 1.25, 'height': 1, 'x2': 0, 'y2': 0, 'width2': 1.25, 'height2': 1, 'rotation_x': 0, 'rotation_y': 0, 'rotation_angle': 0, 'decal': False, 'ghost': False, 'stepped': False, 'nub': False, 'profile': '', 'sm': '', 'sb': '', 'st': ''}, {'color': '#cccccc', 'labels': ['Alt'], 'textColor': [], 'textSize': [], 'default': {'textColor': '#000000', 'textSize': 3}, 'x': 2.5, 'y': 4.25, 'width': 1.25, 'height': 1, 'x2': 0, 'y2': 0, 'width2': 1.25, 'height2': 1, 'rotation_x': 0, 'rotation_y': 0, 'rotation_angle': 0, 'decal': False, 'ghost': False, 'stepped': False, 'nub': False, 'profile': '', 'sm': '', 'sb': '', 'st': ''}, {'color': '#cccccc', 'labels': ['Alt'], 'textColor': [], 'textSize': [], 'default': {'textColor': '#000000', 'textSize': 3}, 'x': 9.75, 'y': 4.25, 'width': 1.25, 'height': 1, 'x2': 0, 'y2': 0, 'width2': 1.25, 'height2': 1, 'rotation_x': 0, 'rotation_y': 0, 'rotation_angle': 0, 'decal': False, 'ghost': False, 'stepped': False, 'nub': False, 'profile': '', 'sm': '', 'sb': '', 'st': ''}, {'color': '#cccccc', 'labels': [], 'textColor': [], 'textSize': [], 'default': {'textColor': '#000000', 'textSize': 3}, 'x': 4, 'y': 4.5, 'width': 1, 'height': 1, 'x2': 0, 'y2': 0, 'width2': 1, 'height2': 1, 'rotation_x': 0, 'rotation_y': 0, 'rotation_angle': 0, 'decal': False, 'ghost': False, 'stepped': False, 'nub': False, 'profile': '', 'sm': '', 'sb': '', 'st': ''}, {'color': '#cccccc', 'labels': [None, None, None, None, None, None, None, None, None, None, 'C:Space+Full'], 'textColor': [], 'textSize': [], 'default': {'textColor': '#000000', 'textSize': 3}, 'x': 5, 'y': 4.5, 'width': 1.75, 'height': 1, 'x2': 0, 'y2': 0, 'width2': 1.75, 'height2': 1, 'rotation_x': 0, 'rotation_y': 0, 'rotation_angle': 0, 'decal': False, 'ghost': False, 'stepped': False, 'nub': False, 'profile': '', 'sm': '', 'sb': '', 'st': ''}, {'color': '#cccccc', 'labels': ['Shift', None, None, None, None, None, None, None, None, None, 'C:Shift+Full'], 'textColor': [], 'textSize': [], 'default': {'textColor': '#000000', 'textSize': 3}, 'x': 6.75, 'y': 4.5, 'width': 1.75, 'height': 1, 'x2': 0, 'y2': 0, 'width2': 1.75, 'height2': 1, 'rotation_x': 0, 'rotation_y': 0, 'rotation_angle': 0, 'decal': False, 'ghost': False, 'stepped': False, 'nub': False, 'profile': '', 'sm': '', 'sb': '', 'st': ''}, {'color': '#cccccc', 'labels': ['Shift'], 'textColor': [], 'textSize': [], 'default': {'textColor': '#000000', 'textSize': 3}, 'x': 8.5, 'y': 4.5, 'width': 1, 'height': 1, 'x2': 0, 'y2': 0, 'width2': 1, 'height2': 1, 'rotation_x': 0, 'rotation_y': 0, 'rotation_angle': 0, 'decal': False, 'ghost': False, 'stepped': False, 'nub': False, 'profile': '', 'sm': '', 'sb': '', 'st': ''}, {'color': '#cccccc', 'labels': ['left'], 'textColor': [], 'textSize': [], 'default': {'textColor': '#000000', 'textSize': 3}, 'x': 11.25, 'y': 4.5, 'width': 1, 'height': 1, 'x2': 0, 'y2': 0, 'width2': 1, 'height2': 1, 'rotation_x': 0, 'rotation_y': 0, 'rotation_angle': 0, 'decal': False, 'ghost': False, 'stepped': False, 'nub': False, 'profile': '', 'sm': '', 'sb': '', 'st': ''}, {'color': '#cccccc', 'labels': ['down'], 'textColor': [], 'textSize': [], 'default': {'textColor': '#000000', 'textSize': 3}, 'x': 12.25, 'y': 4.5, 'width': 1, 'height': 1, 'x2': 0, 'y2': 0, 'width2': 1, 'height2': 1, 'rotation_x': 0, 'rotation_y': 0, 'rotation_angle': 0, 'decal': False, 'ghost': False, 'stepped': False, 'nub': False, 'profile': '', 'sm': '', 'sb': '', 'st': ''}, {'color': '#cccccc', 'labels': ['right'], 'textColor': [], 'textSize': [], 'default': {'textColor': '#000000', 'textSize': 3}, 'x': 13.25, 'y': 4.5, 'width': 1, 'height': 1, 'x2': 0, 'y2': 0, 'width2': 1, 'height2': 1, 'rotation_x': 0, 'rotation_y': 0, 'rotation_angle': 0, 'decal': False, 'ghost': False, 'stepped': False, 'nub': False, 'profile': '', 'sm': '', 'sb': '', 'st': ''}]}
19:45:02 com_github_adamws_kicad-kbplacer.kbplacer_plugin_action 68: Set key 1U distance: 19050000/19050000
19:45:02 com_github_adamws_kicad-kbplacer.kbplacer_plugin_action 37: Searching for MX1 footprint
19:45:02 com_github_adamws_kicad-kbplacer.kbplacer_plugin_action 37: Searching for D1 footprint
19:45:02 com_github_adamws_kicad-kbplacer.kbplacer_plugin_action 60: Getting MX1 footprint position: (34525000, 34525000)
19:45:02 com_github_adamws_kicad-kbplacer.kbplacer_plugin_action 60: Getting D1 footprint position: (31190000, 30782500)
19:45:02 com_github_adamws_kicad-kbplacer.kbplacer_plugin_action 82: Additional elements: [('ST{}', <Position.CUSTOM: 'Custom'>, ElementPosition(relative_position=Point(x=0.0, y=0.0), orientation=0.0, side=<Side.FRONT: False>))]
19:45:02 com_github_adamws_kicad-kbplacer.kbplacer_plugin_action 267: Diode position: ElementPosition(relative_position=Point(x=-3.335, y=-3.7425), orientation=-90.0, side=<Side.BACK: True>)
19:45:02 com_github_adamws_kicad-kbplacer.kbplacer_plugin_action 37: Searching for MX1 footprint
19:45:02 com_github_adamws_kicad-kbplacer.kbplacer_plugin_action 48: Setting MX1 footprint position: (34525000, 34525000)
19:45:02 com_github_adamws_kicad-kbplacer.kbplacer_plugin_action 37: Searching for ST1 footprint
19:45:02 com_github_adamws_kicad-kbplacer.kbplacer_plugin_action 40: Footprint not found
19:45:02 com_github_adamws_kicad-kbplacer.kbplacer_plugin_action 37: Searching for D1 footprint
19:45:02 com_github_adamws_kicad-kbplacer.kbplacer_plugin_action 48: Setting D1 footprint position: (31190000, 30782500)
19:45:02 com_github_adamws_kicad-kbplacer.kbplacer_plugin_action 341: Switch pad without recognized net name found.
19:45:02 com_github_adamws_kicad-kbplacer.kbplacer_plugin_action 37: Searching for D1 footprint
19:45:02 com_github_adamws_kicad-kbplacer.kbplacer_plugin_action 353: Switch pad without recognized net name found.
19:45:02 com_github_adamws_kicad-kbplacer.kbplacer_plugin_action 37: Searching for MX2 footprint
19:45:02 com_github_adamws_kicad-kbplacer.kbplacer_plugin_action 48: Setting MX2 footprint position: (58337500, 34525000)
19:45:02 com_github_adamws_kicad-kbplacer.kbplacer_plugin_action 37: Searching for ST2 footprint
19:45:02 com_github_adamws_kicad-kbplacer.kbplacer_plugin_action 40: Footprint not found
19:45:02 com_github_adamws_kicad-kbplacer.kbplacer_plugin_action 37: Searching for D2 footprint
19:45:02 com_github_adamws_kicad-kbplacer.kbplacer_plugin_action 48: Setting D2 footprint position: (55002500, 30782500)
19:45:02 com_github_adamws_kicad-kbplacer.kbplacer_plugin_action 341: Switch pad without recognized net name found.
19:45:02 com_github_adamws_kicad-kbplacer.kbplacer_plugin_action 37: Searching for D2 footprint
19:45:02 com_github_adamws_kicad-kbplacer.kbplacer_plugin_action 353: Switch pad without recognized net name found.
19:45:02 com_github_adamws_kicad-kbplacer.kbplacer_plugin_action 37: Searching for MX3 footprint
19:45:02 com_github_adamws_kicad-kbplacer.kbplacer_plugin_action 48: Setting MX3 footprint position: (77387500, 34525000)
19:45:02 com_github_adamws_kicad-kbplacer.kbplacer_plugin_action 37: Searching for ST3 footprint
19:45:02 com_github_adamws_kicad-kbplacer.kbplacer_plugin_action 40: Footprint not found
19:45:02 com_github_adamws_kicad-kbplacer.kbplacer_plugin_action 37: Searching for D3 footprint
19:45:02 com_github_adamws_kicad-kbplacer.kbplacer_plugin_action 48: Setting D3 footprint position: (74052500, 30782500)
19:45:02 com_github_adamws_kicad-kbplacer.kbplacer_plugin_action 341: Switch pad without recognized net name found.
19:45:02 com_github_adamws_kicad-kbplacer.kbplacer_plugin_action 37: Searching for D3 footprint
19:45:02 com_github_adamws_kicad-kbplacer.kbplacer_plugin_action 353: Switch pad without recognized net name found.
19:45:02 com_github_adamws_kicad-kbplacer.kbplacer_plugin_action 37: Searching for MX4 footprint
19:45:02 com_github_adamws_kicad-kbplacer.kbplacer_plugin_action 48: Setting MX4 footprint position: (96437500, 34525000)
19:45:02 com_github_adamws_kicad-kbplacer.kbplacer_plugin_action 37: Searching for ST4 footprint
19:45:02 com_github_adamws_kicad-kbplacer.kbplacer_plugin_action 40: Footprint not found
19:45:02 com_github_adamws_kicad-kbplacer.kbplacer_plugin_action 37: Searching for D4 footprint
19:45:02 com_github_adamws_kicad-kbplacer.kbplacer_plugin_action 48: Setting D4 footprint position: (93102500, 30782500)
19:45:02 com_github_adamws_kicad-kbplacer.kbplacer_plugin_action 341: Switch pad without recognized net name found.
19:45:02 com_github_adamws_kicad-kbplacer.kbplacer_plugin_action 37: Searching for D4 footprint
19:45:02 com_github_adamws_kicad-kbplacer.kbplacer_plugin_action 353: Switch pad without recognized net name found.
19:45:02 com_github_adamws_kicad-kbplacer.kbplacer_plugin_action 37: Searching for MX5 footprint
19:45:02 com_github_adamws_kicad-kbplacer.kbplacer_plugin_action 48: Setting MX5 footprint position: (115487500, 34525000)
19:45:02 com_github_adamws_kicad-kbplacer.kbplacer_plugin_action 37: Searching for ST5 footprint
19:45:02 com_github_adamws_kicad-kbplacer.kbplacer_plugin_action 40: Footprint not found
19:45:02 com_github_adamws_kicad-kbplacer.kbplacer_plugin_action 37: Searching for D5 footprint
19:45:02 com_github_adamws_kicad-kbplacer.kbplacer_plugin_action 48: Setting D5 footprint position: (112152500, 30782500)
19:45:02 com_github_adamws_kicad-kbplacer.kbplacer_plugin_action 341: Switch pad without recognized net name found.
19:45:02 com_github_adamws_kicad-kbplacer.kbplacer_plugin_action 37: Searching for D5 footprint
19:45:02 com_github_adamws_kicad-kbplacer.kbplacer_plugin_action 353: Switch pad without recognized net name found.
19:45:02 com_github_adamws_kicad-kbplacer.kbplacer_plugin_action 37: Searching for MX6 footprint
19:45:02 com_github_adamws_kicad-kbplacer.kbplacer_plugin_action 48: Setting MX6 footprint position: (134537500, 34525000)
19:45:02 com_github_adamws_kicad-kbplacer.kbplacer_plugin_action 37: Searching for ST6 footprint
19:45:02 com_github_adamws_kicad-kbplacer.kbplacer_plugin_action 40: Footprint not found
19:45:02 com_github_adamws_kicad-kbplacer.kbplacer_plugin_action 37: Searching for D6 footprint
19:45:02 com_github_adamws_kicad-kbplacer.kbplacer_plugin_action 48: Setting D6 footprint position: (131202500, 30782500)
19:45:02 com_github_adamws_kicad-kbplacer.kbplacer_plugin_action 341: Switch pad without recognized net name found.
19:45:02 com_github_adamws_kicad-kbplacer.kbplacer_plugin_action 37: Searching for D6 footprint
19:45:02 com_github_adamws_kicad-kbplacer.kbplacer_plugin_action 353: Switch pad without recognized net name found.
19:45:02 com_github_adamws_kicad-kbplacer.kbplacer_plugin_action 37: Searching for MX7 footprint
19:45:02 com_github_adamws_kicad-kbplacer.kbplacer_plugin_action 48: Setting MX7 footprint position: (153587500, 34525000)
19:45:02 com_github_adamws_kicad-kbplacer.kbplacer_plugin_action 37: Searching for ST7 footprint
19:45:02 com_github_adamws_kicad-kbplacer.kbplacer_plugin_action 40: Footprint not found
19:45:02 com_github_adamws_kicad-kbplacer.kbplacer_plugin_action 37: Searching for D7 footprint
19:45:02 com_github_adamws_kicad-kbplacer.kbplacer_plugin_action 48: Setting D7 footprint position: (150252500, 30782500)
19:45:02 com_github_adamws_kicad-kbplacer.kbplacer_plugin_action 341: Switch pad without recognized net name found.
19:45:02 com_github_adamws_kicad-kbplacer.kbplacer_plugin_action 37: Searching for D7 footprint
19:45:02 com_github_adamws_kicad-kbplacer.kbplacer_plugin_action 353: Switch pad without recognized net name found.
19:45:02 com_github_adamws_kicad-kbplacer.kbplacer_plugin_action 37: Searching for MX8 footprint
19:45:02 com_github_adamws_kicad-kbplacer.kbplacer_plugin_action 48: Setting MX8 footprint position: (177400000, 34525000)
19:45:02 com_github_adamws_kicad-kbplacer.kbplacer_plugin_action 37: Searching for ST8 footprint
19:45:02 com_github_adamws_kicad-kbplacer.kbplacer_plugin_action 40: Footprint not found
19:45:02 com_github_adamws_kicad-kbplacer.kbplacer_plugin_action 37: Searching for D8 footprint
19:45:02 com_github_adamws_kicad-kbplacer.kbplacer_plugin_action 48: Setting D8 footprint position: (174065000, 30782500)
19:45:02 com_github_adamws_kicad-kbplacer.kbplacer_plugin_action 341: Switch pad without recognized net name found.
19:45:02 com_github_adamws_kicad-kbplacer.kbplacer_plugin_action 37: Searching for D8 footprint
19:45:02 com_github_adamws_kicad-kbplacer.kbplacer_plugin_action 353: Switch pad without recognized net name found.
19:45:02 com_github_adamws_kicad-kbplacer.kbplacer_plugin_action 37: Searching for MX9 footprint
19:45:02 com_github_adamws_kicad-kbplacer.kbplacer_plugin_action 48: Setting MX9 footprint position: (196450000, 34525000)
19:45:02 com_github_adamws_kicad-kbplacer.kbplacer_plugin_action 37: Searching for ST9 footprint
19:45:02 com_github_adamws_kicad-kbplacer.kbplacer_plugin_action 40: Footprint not found
19:45:02 com_github_adamws_kicad-kbplacer.kbplacer_plugin_action 37: Searching for D9 footprint
19:45:02 com_github_adamws_kicad-kbplacer.kbplacer_plugin_action 48: Setting D9 footprint position: (193115000, 30782500)
19:45:02 com_github_adamws_kicad-kbplacer.kbplacer_plugin_action 341: Switch pad without recognized net name found.
19:45:02 com_github_adamws_kicad-kbplacer.kbplacer_plugin_action 37: Searching for D9 footprint
19:45:02 com_github_adamws_kicad-kbplacer.kbplacer_plugin_action 353: Switch pad without recognized net name found.
19:45:02 com_github_adamws_kicad-kbplacer.kbplacer_plugin_action 37: Searching for MX10 footprint
19:45:02 com_github_adamws_kicad-kbplacer.kbplacer_plugin_action 48: Setting MX10 footprint position: (215500000, 34525000)
19:45:02 com_github_adamws_kicad-kbplacer.kbplacer_plugin_action 37: Searching for ST10 footprint
19:45:02 com_github_adamws_kicad-kbplacer.kbplacer_plugin_action 40: Footprint not found
19:45:02 com_github_adamws_kicad-kbplacer.kbplacer_plugin_action 37: Searching for D10 footprint
19:45:02 com_github_adamws_kicad-kbplacer.kbplacer_plugin_action 48: Setting D10 footprint position: (212165000, 30782500)
19:45:02 com_github_adamws_kicad-kbplacer.kbplacer_plugin_action 341: Switch pad without recognized net name found.
19:45:02 com_github_adamws_kicad-kbplacer.kbplacer_plugin_action 37: Searching for D10 footprint
19:45:02 com_github_adamws_kicad-kbplacer.kbplacer_plugin_action 353: Switch pad without recognized net name found.
19:45:02 com_github_adamws_kicad-kbplacer.kbplacer_plugin_action 37: Searching for MX11 footprint
19:45:02 com_github_adamws_kicad-kbplacer.kbplacer_plugin_action 48: Setting MX11 footprint position: (234550000, 34525000)
19:45:02 com_github_adamws_kicad-kbplacer.kbplacer_plugin_action 37: Searching for ST11 footprint
19:45:02 com_github_adamws_kicad-kbplacer.kbplacer_plugin_action 40: Footprint not found
19:45:02 com_github_adamws_kicad-kbplacer.kbplacer_plugin_action 37: Searching for D11 footprint
19:45:02 com_github_adamws_kicad-kbplacer.kbplacer_plugin_action 48: Setting D11 footprint position: (231215000, 30782500)
19:45:02 com_github_adamws_kicad-kbplacer.kbplacer_plugin_action 341: Switch pad without recognized net name found.
19:45:02 com_github_adamws_kicad-kbplacer.kbplacer_plugin_action 37: Searching for D11 footprint
19:45:02 com_github_adamws_kicad-kbplacer.kbplacer_plugin_action 353: Switch pad without recognized net name found.
19:45:02 com_github_adamws_kicad-kbplacer.kbplacer_plugin_action 37: Searching for MX12 footprint
19:45:02 com_github_adamws_kicad-kbplacer.kbplacer_plugin_action 48: Setting MX12 footprint position: (253600000, 34525000)
19:45:02 com_github_adamws_kicad-kbplacer.kbplacer_plugin_action 37: Searching for ST12 footprint
19:45:02 com_github_adamws_kicad-kbplacer.kbplacer_plugin_action 40: Footprint not found
19:45:02 com_github_adamws_kicad-kbplacer.kbplacer_plugin_action 37: Searching for D12 footprint
19:45:02 com_github_adamws_kicad-kbplacer.kbplacer_plugin_action 48: Setting D12 footprint position: (250265000, 30782500)
19:45:02 com_github_adamws_kicad-kbplacer.kbplacer_plugin_action 341: Switch pad without recognized net name found.
19:45:02 com_github_adamws_kicad-kbplacer.kbplacer_plugin_action 37: Searching for D12 footprint
19:45:02 com_github_adamws_kicad-kbplacer.kbplacer_plugin_action 353: Switch pad without recognized net name found.
19:45:02 com_github_adamws_kicad-kbplacer.kbplacer_plugin_action 37: Searching for MX13 footprint
19:45:02 com_github_adamws_kicad-kbplacer.kbplacer_plugin_action 48: Setting MX13 footprint position: (272650000, 34525000)
19:45:02 com_github_adamws_kicad-kbplacer.kbplacer_plugin_action 37: Searching for ST13 footprint
19:45:02 com_github_adamws_kicad-kbplacer.kbplacer_plugin_action 40: Footprint not found
19:45:02 com_github_adamws_kicad-kbplacer.kbplacer_plugin_action 37: Searching for D13 footprint
19:45:02 com_github_adamws_kicad-kbplacer.kbplacer_plugin_action 48: Setting D13 footprint position: (269315000, 30782500)
19:45:02 com_github_adamws_kicad-kbplacer.kbplacer_plugin_action 341: Switch pad without recognized net name found.
19:45:02 com_github_adamws_kicad-kbplacer.kbplacer_plugin_action 37: Searching for D13 footprint
19:45:02 com_github_adamws_kicad-kbplacer.kbplacer_plugin_action 353: Switch pad without recognized net name found.
19:45:02 com_github_adamws_kicad-kbplacer.kbplacer_plugin_action 37: Searching for MX14 footprint
19:45:02 com_github_adamws_kicad-kbplacer.kbplacer_plugin_action 48: Setting MX14 footprint position: (39287500, 58337500)
19:45:02 com_github_adamws_kicad-kbplacer.kbplacer_plugin_action 37: Searching for ST14 footprint
19:45:02 com_github_adamws_kicad-kbplacer.kbplacer_plugin_action 40: Footprint not found
19:45:02 com_github_adamws_kicad-kbplacer.kbplacer_plugin_action 37: Searching for D14 footprint
19:45:02 com_github_adamws_kicad-kbplacer.kbplacer_plugin_action 48: Setting D14 footprint position: (35952500, 54595000)
19:45:02 com_github_adamws_kicad-kbplacer.kbplacer_plugin_action 341: Switch pad without recognized net name found.
19:45:02 com_github_adamws_kicad-kbplacer.kbplacer_plugin_action 37: Searching for D14 footprint
19:45:02 com_github_adamws_kicad-kbplacer.kbplacer_plugin_action 353: Switch pad without recognized net name found.
19:45:02 com_github_adamws_kicad-kbplacer.kbplacer_plugin_action 37: Searching for MX15 footprint
19:45:02 com_github_adamws_kicad-kbplacer.kbplacer_plugin_action 48: Setting MX15 footprint position: (63100000, 58337500)
19:45:02 com_github_adamws_kicad-kbplacer.kbplacer_plugin_action 37: Searching for ST15 footprint
19:45:02 com_github_adamws_kicad-kbplacer.kbplacer_plugin_action 40: Footprint not found
19:45:02 com_github_adamws_kicad-kbplacer.kbplacer_plugin_action 37: Searching for D15 footprint
19:45:02 com_github_adamws_kicad-kbplacer.kbplacer_plugin_action 48: Setting D15 footprint position: (59765000, 54595000)
19:45:02 com_github_adamws_kicad-kbplacer.kbplacer_plugin_action 341: Switch pad without recognized net name found.
19:45:02 com_github_adamws_kicad-kbplacer.kbplacer_plugin_action 37: Searching for D15 footprint
19:45:02 com_github_adamws_kicad-kbplacer.kbplacer_plugin_action 353: Switch pad without recognized net name found.
19:45:02 com_github_adamws_kicad-kbplacer.kbplacer_plugin_action 37: Searching for MX16 footprint
19:45:02 com_github_adamws_kicad-kbplacer.kbplacer_plugin_action 48: Setting MX16 footprint position: (82150000, 58337500)
19:45:02 com_github_adamws_kicad-kbplacer.kbplacer_plugin_action 37: Searching for ST16 footprint
19:45:02 com_github_adamws_kicad-kbplacer.kbplacer_plugin_action 40: Footprint not found
19:45:02 com_github_adamws_kicad-kbplacer.kbplacer_plugin_action 37: Searching for D16 footprint
19:45:02 com_github_adamws_kicad-kbplacer.kbplacer_plugin_action 48: Setting D16 footprint position: (78815000, 54595000)
19:45:02 com_github_adamws_kicad-kbplacer.kbplacer_plugin_action 341: Switch pad without recognized net name found.
19:45:02 com_github_adamws_kicad-kbplacer.kbplacer_plugin_action 37: Searching for D16 footprint
19:45:02 com_github_adamws_kicad-kbplacer.kbplacer_plugin_action 353: Switch pad without recognized net name found.
19:45:02 com_github_adamws_kicad-kbplacer.kbplacer_plugin_action 37: Searching for MX17 footprint
19:45:02 com_github_adamws_kicad-kbplacer.kbplacer_plugin_action 48: Setting MX17 footprint position: (101200000, 58337500)
19:45:02 com_github_adamws_kicad-kbplacer.kbplacer_plugin_action 37: Searching for ST17 footprint
19:45:02 com_github_adamws_kicad-kbplacer.kbplacer_plugin_action 40: Footprint not found
19:45:02 com_github_adamws_kicad-kbplacer.kbplacer_plugin_action 37: Searching for D17 footprint
19:45:02 com_github_adamws_kicad-kbplacer.kbplacer_plugin_action 48: Setting D17 footprint position: (97865000, 54595000)
19:45:02 com_github_adamws_kicad-kbplacer.kbplacer_plugin_action 341: Switch pad without recognized net name found.
19:45:02 com_github_adamws_kicad-kbplacer.kbplacer_plugin_action 37: Searching for D17 footprint
19:45:02 com_github_adamws_kicad-kbplacer.kbplacer_plugin_action 353: Switch pad without recognized net name found.
19:45:02 com_github_adamws_kicad-kbplacer.kbplacer_plugin_action 37: Searching for MX18 footprint
19:45:02 com_github_adamws_kicad-kbplacer.kbplacer_plugin_action 48: Setting MX18 footprint position: (120250000, 58337500)
19:45:02 com_github_adamws_kicad-kbplacer.kbplacer_plugin_action 37: Searching for ST18 footprint
19:45:02 com_github_adamws_kicad-kbplacer.kbplacer_plugin_action 40: Footprint not found
19:45:02 com_github_adamws_kicad-kbplacer.kbplacer_plugin_action 37: Searching for D18 footprint
19:45:02 com_github_adamws_kicad-kbplacer.kbplacer_plugin_action 48: Setting D18 footprint position: (116915000, 54595000)
19:45:02 com_github_adamws_kicad-kbplacer.kbplacer_plugin_action 341: Switch pad without recognized net name found.
19:45:02 com_github_adamws_kicad-kbplacer.kbplacer_plugin_action 37: Searching for D18 footprint
19:45:02 com_github_adamws_kicad-kbplacer.kbplacer_plugin_action 353: Switch pad without recognized net name found.
19:45:02 com_github_adamws_kicad-kbplacer.kbplacer_plugin_action 37: Searching for MX19 footprint
19:45:02 com_github_adamws_kicad-kbplacer.kbplacer_plugin_action 48: Setting MX19 footprint position: (139300000, 58337500)
19:45:02 com_github_adamws_kicad-kbplacer.kbplacer_plugin_action 37: Searching for ST19 footprint
19:45:02 com_github_adamws_kicad-kbplacer.kbplacer_plugin_action 40: Footprint not found
19:45:02 com_github_adamws_kicad-kbplacer.kbplacer_plugin_action 37: Searching for D19 footprint
19:45:02 com_github_adamws_kicad-kbplacer.kbplacer_plugin_action 48: Setting D19 footprint position: (135965000, 54595000)
19:45:02 com_github_adamws_kicad-kbplacer.kbplacer_plugin_action 341: Switch pad without recognized net name found.
19:45:02 com_github_adamws_kicad-kbplacer.kbplacer_plugin_action 37: Searching for D19 footprint
19:45:02 com_github_adamws_kicad-kbplacer.kbplacer_plugin_action 353: Switch pad without recognized net name found.
19:45:02 com_github_adamws_kicad-kbplacer.kbplacer_plugin_action 37: Searching for MX20 footprint
19:45:02 com_github_adamws_kicad-kbplacer.kbplacer_plugin_action 48: Setting MX20 footprint position: (158350000, 58337500)
19:45:02 com_github_adamws_kicad-kbplacer.kbplacer_plugin_action 37: Searching for ST20 footprint
19:45:02 com_github_adamws_kicad-kbplacer.kbplacer_plugin_action 40: Footprint not found
19:45:02 com_github_adamws_kicad-kbplacer.kbplacer_plugin_action 37: Searching for D20 footprint
19:45:02 com_github_adamws_kicad-kbplacer.kbplacer_plugin_action 48: Setting D20 footprint position: (155015000, 54595000)
19:45:02 com_github_adamws_kicad-kbplacer.kbplacer_plugin_action 341: Switch pad without recognized net name found.
19:45:02 com_github_adamws_kicad-kbplacer.kbplacer_plugin_action 37: Searching for D20 footprint
19:45:02 com_github_adamws_kicad-kbplacer.kbplacer_plugin_action 353: Switch pad without recognized net name found.
19:45:02 com_github_adamws_kicad-kbplacer.kbplacer_plugin_action 37: Searching for MX21 footprint
19:45:02 com_github_adamws_kicad-kbplacer.kbplacer_plugin_action 48: Setting MX21 footprint position: (177400000, 58337500)
19:45:02 com_github_adamws_kicad-kbplacer.kbplacer_plugin_action 37: Searching for ST21 footprint
19:45:02 com_github_adamws_kicad-kbplacer.kbplacer_plugin_action 40: Footprint not found
19:45:02 com_github_adamws_kicad-kbplacer.kbplacer_plugin_action 37: Searching for D21 footprint
19:45:02 com_github_adamws_kicad-kbplacer.kbplacer_plugin_action 48: Setting D21 footprint position: (174065000, 54595000)
19:45:02 com_github_adamws_kicad-kbplacer.kbplacer_plugin_action 341: Switch pad without recognized net name found.
19:45:02 com_github_adamws_kicad-kbplacer.kbplacer_plugin_action 37: Searching for D21 footprint
19:45:02 com_github_adamws_kicad-kbplacer.kbplacer_plugin_action 353: Switch pad without recognized net name found.
19:45:02 com_github_adamws_kicad-kbplacer.kbplacer_plugin_action 37: Searching for MX22 footprint
19:45:02 com_github_adamws_kicad-kbplacer.kbplacer_plugin_action 48: Setting MX22 footprint position: (196450000, 58337500)
19:45:02 com_github_adamws_kicad-kbplacer.kbplacer_plugin_action 37: Searching for ST22 footprint
19:45:02 com_github_adamws_kicad-kbplacer.kbplacer_plugin_action 40: Footprint not found
19:45:02 com_github_adamws_kicad-kbplacer.kbplacer_plugin_action 37: Searching for D22 footprint
19:45:02 com_github_adamws_kicad-kbplacer.kbplacer_plugin_action 48: Setting D22 footprint position: (193115000, 54595000)
19:45:02 com_github_adamws_kicad-kbplacer.kbplacer_plugin_action 341: Switch pad without recognized net name found.
19:45:02 com_github_adamws_kicad-kbplacer.kbplacer_plugin_action 37: Searching for D22 footprint
19:45:02 com_github_adamws_kicad-kbplacer.kbplacer_plugin_action 353: Switch pad without recognized net name found.
19:45:02 com_github_adamws_kicad-kbplacer.kbplacer_plugin_action 37: Searching for MX23 footprint
19:45:02 com_github_adamws_kicad-kbplacer.kbplacer_plugin_action 48: Setting MX23 footprint position: (215500000, 58337500)
19:45:02 com_github_adamws_kicad-kbplacer.kbplacer_plugin_action 37: Searching for ST23 footprint
19:45:02 com_github_adamws_kicad-kbplacer.kbplacer_plugin_action 40: Footprint not found
19:45:02 com_github_adamws_kicad-kbplacer.kbplacer_plugin_action 37: Searching for D23 footprint
19:45:02 com_github_adamws_kicad-kbplacer.kbplacer_plugin_action 48: Setting D23 footprint position: (212165000, 54595000)
19:45:02 com_github_adamws_kicad-kbplacer.kbplacer_plugin_action 341: Switch pad without recognized net name found.
19:45:02 com_github_adamws_kicad-kbplacer.kbplacer_plugin_action 37: Searching for D23 footprint
19:45:02 com_github_adamws_kicad-kbplacer.kbplacer_plugin_action 353: Switch pad without recognized net name found.
19:45:02 com_github_adamws_kicad-kbplacer.kbplacer_plugin_action 37: Searching for MX24 footprint
19:45:02 com_github_adamws_kicad-kbplacer.kbplacer_plugin_action 48: Setting MX24 footprint position: (234550000, 58337500)
19:45:02 com_github_adamws_kicad-kbplacer.kbplacer_plugin_action 37: Searching for ST24 footprint
19:45:02 com_github_adamws_kicad-kbplacer.kbplacer_plugin_action 40: Footprint not found
19:45:02 com_github_adamws_kicad-kbplacer.kbplacer_plugin_action 37: Searching for D24 footprint
19:45:02 com_github_adamws_kicad-kbplacer.kbplacer_plugin_action 48: Setting D24 footprint position: (231215000, 54595000)
19:45:02 com_github_adamws_kicad-kbplacer.kbplacer_plugin_action 341: Switch pad without recognized net name found.
19:45:02 com_github_adamws_kicad-kbplacer.kbplacer_plugin_action 37: Searching for D24 footprint
19:45:02 com_github_adamws_kicad-kbplacer.kbplacer_plugin_action 353: Switch pad without recognized net name found.
19:45:02 com_github_adamws_kicad-kbplacer.kbplacer_plugin_action 37: Searching for MX25 footprint
19:45:02 com_github_adamws_kicad-kbplacer.kbplacer_plugin_action 48: Setting MX25 footprint position: (253600000, 58337500)
19:45:02 com_github_adamws_kicad-kbplacer.kbplacer_plugin_action 37: Searching for ST25 footprint
19:45:02 com_github_adamws_kicad-kbplacer.kbplacer_plugin_action 40: Footprint not found
19:45:02 com_github_adamws_kicad-kbplacer.kbplacer_plugin_action 37: Searching for D25 footprint
19:45:02 com_github_adamws_kicad-kbplacer.kbplacer_plugin_action 48: Setting D25 footprint position: (250265000, 54595000)
19:45:02 com_github_adamws_kicad-kbplacer.kbplacer_plugin_action 341: Switch pad without recognized net name found.
19:45:02 com_github_adamws_kicad-kbplacer.kbplacer_plugin_action 37: Searching for D25 footprint
19:45:02 com_github_adamws_kicad-kbplacer.kbplacer_plugin_action 353: Switch pad without recognized net name found.
19:45:02 com_github_adamws_kicad-kbplacer.kbplacer_plugin_action 37: Searching for MX26 footprint
19:45:02 com_github_adamws_kicad-kbplacer.kbplacer_plugin_action 48: Setting MX26 footprint position: (272650000, 58337500)
19:45:02 com_github_adamws_kicad-kbplacer.kbplacer_plugin_action 37: Searching for ST26 footprint
19:45:02 com_github_adamws_kicad-kbplacer.kbplacer_plugin_action 40: Footprint not found
19:45:02 com_github_adamws_kicad-kbplacer.kbplacer_plugin_action 37: Searching for D26 footprint
19:45:02 com_github_adamws_kicad-kbplacer.kbplacer_plugin_action 48: Setting D26 footprint position: (269315000, 54595000)
19:45:02 com_github_adamws_kicad-kbplacer.kbplacer_plugin_action 341: Switch pad without recognized net name found.
19:45:02 com_github_adamws_kicad-kbplacer.kbplacer_plugin_action 37: Searching for D26 footprint
19:45:02 com_github_adamws_kicad-kbplacer.kbplacer_plugin_action 353: Switch pad without recognized net name found.
19:45:02 com_github_adamws_kicad-kbplacer.kbplacer_plugin_action 37: Searching for MX27 footprint
19:45:02 com_github_adamws_kicad-kbplacer.kbplacer_plugin_action 48: Setting MX27 footprint position: (41668750, 77387500)
19:45:02 com_github_adamws_kicad-kbplacer.kbplacer_plugin_action 37: Searching for ST27 footprint
19:45:02 com_github_adamws_kicad-kbplacer.kbplacer_plugin_action 40: Footprint not found
19:45:02 com_github_adamws_kicad-kbplacer.kbplacer_plugin_action 37: Searching for D27 footprint
19:45:02 com_github_adamws_kicad-kbplacer.kbplacer_plugin_action 48: Setting D27 footprint position: (38333750, 73645000)
19:45:02 com_github_adamws_kicad-kbplacer.kbplacer_plugin_action 341: Switch pad without recognized net name found.
19:45:02 com_github_adamws_kicad-kbplacer.kbplacer_plugin_action 37: Searching for D27 footprint
19:45:02 com_github_adamws_kicad-kbplacer.kbplacer_plugin_action 353: Switch pad without recognized net name found.
19:45:02 com_github_adamws_kicad-kbplacer.kbplacer_plugin_action 37: Searching for MX28 footprint
19:45:02 com_github_adamws_kicad-kbplacer.kbplacer_plugin_action 48: Setting MX28 footprint position: (67862500, 77387500)
19:45:02 com_github_adamws_kicad-kbplacer.kbplacer_plugin_action 37: Searching for ST28 footprint
19:45:02 com_github_adamws_kicad-kbplacer.kbplacer_plugin_action 40: Footprint not found
19:45:02 com_github_adamws_kicad-kbplacer.kbplacer_plugin_action 37: Searching for D28 footprint
19:45:02 com_github_adamws_kicad-kbplacer.kbplacer_plugin_action 48: Setting D28 footprint position: (64527500, 73645000)
19:45:02 com_github_adamws_kicad-kbplacer.kbplacer_plugin_action 341: Switch pad without recognized net name found.
19:45:02 com_github_adamws_kicad-kbplacer.kbplacer_plugin_action 37: Searching for D28 footprint
19:45:02 com_github_adamws_kicad-kbplacer.kbplacer_plugin_action 353: Switch pad without recognized net name found.
19:45:02 com_github_adamws_kicad-kbplacer.kbplacer_plugin_action 37: Searching for MX29 footprint
19:45:02 com_github_adamws_kicad-kbplacer.kbplacer_plugin_action 48: Setting MX29 footprint position: (86912500, 77387500)
19:45:02 com_github_adamws_kicad-kbplacer.kbplacer_plugin_action 37: Searching for ST29 footprint
19:45:02 com_github_adamws_kicad-kbplacer.kbplacer_plugin_action 40: Footprint not found
19:45:02 com_github_adamws_kicad-kbplacer.kbplacer_plugin_action 37: Searching for D29 footprint
19:45:02 com_github_adamws_kicad-kbplacer.kbplacer_plugin_action 48: Setting D29 footprint position: (83577500, 73645000)
19:45:02 com_github_adamws_kicad-kbplacer.kbplacer_plugin_action 341: Switch pad without recognized net name found.
19:45:02 com_github_adamws_kicad-kbplacer.kbplacer_plugin_action 37: Searching for D29 footprint
19:45:02 com_github_adamws_kicad-kbplacer.kbplacer_plugin_action 353: Switch pad without recognized net name found.
19:45:02 com_github_adamws_kicad-kbplacer.kbplacer_plugin_action 37: Searching for MX30 footprint
19:45:02 com_github_adamws_kicad-kbplacer.kbplacer_plugin_action 48: Setting MX30 footprint position: (105962500, 77387500)
19:45:02 com_github_adamws_kicad-kbplacer.kbplacer_plugin_action 37: Searching for ST30 footprint
19:45:02 com_github_adamws_kicad-kbplacer.kbplacer_plugin_action 40: Footprint not found
19:45:02 com_github_adamws_kicad-kbplacer.kbplacer_plugin_action 37: Searching for D30 footprint
19:45:02 com_github_adamws_kicad-kbplacer.kbplacer_plugin_action 48: Setting D30 footprint position: (102627500, 73645000)
19:45:02 com_github_adamws_kicad-kbplacer.kbplacer_plugin_action 341: Switch pad without recognized net name found.
19:45:02 com_github_adamws_kicad-kbplacer.kbplacer_plugin_action 37: Searching for D30 footprint
19:45:02 com_github_adamws_kicad-kbplacer.kbplacer_plugin_action 353: Switch pad without recognized net name found.
19:45:02 com_github_adamws_kicad-kbplacer.kbplacer_plugin_action 37: Searching for MX31 footprint
19:45:02 com_github_adamws_kicad-kbplacer.kbplacer_plugin_action 48: Setting MX31 footprint position: (125012500, 77387500)
19:45:02 com_github_adamws_kicad-kbplacer.kbplacer_plugin_action 37: Searching for ST31 footprint
19:45:02 com_github_adamws_kicad-kbplacer.kbplacer_plugin_action 40: Footprint not found
19:45:02 com_github_adamws_kicad-kbplacer.kbplacer_plugin_action 37: Searching for D31 footprint
19:45:02 com_github_adamws_kicad-kbplacer.kbplacer_plugin_action 48: Setting D31 footprint position: (121677500, 73645000)
19:45:02 com_github_adamws_kicad-kbplacer.kbplacer_plugin_action 341: Switch pad without recognized net name found.
19:45:02 com_github_adamws_kicad-kbplacer.kbplacer_plugin_action 37: Searching for D31 footprint
19:45:02 com_github_adamws_kicad-kbplacer.kbplacer_plugin_action 353: Switch pad without recognized net name found.
19:45:02 com_github_adamws_kicad-kbplacer.kbplacer_plugin_action 37: Searching for MX32 footprint
19:45:02 com_github_adamws_kicad-kbplacer.kbplacer_plugin_action 48: Setting MX32 footprint position: (144062500, 77387500)
19:45:02 com_github_adamws_kicad-kbplacer.kbplacer_plugin_action 37: Searching for ST32 footprint
19:45:02 com_github_adamws_kicad-kbplacer.kbplacer_plugin_action 40: Footprint not found
19:45:02 com_github_adamws_kicad-kbplacer.kbplacer_plugin_action 37: Searching for D32 footprint
19:45:02 com_github_adamws_kicad-kbplacer.kbplacer_plugin_action 48: Setting D32 footprint position: (140727500, 73645000)
19:45:02 com_github_adamws_kicad-kbplacer.kbplacer_plugin_action 341: Switch pad without recognized net name found.
19:45:02 com_github_adamws_kicad-kbplacer.kbplacer_plugin_action 37: Searching for D32 footprint
19:45:02 com_github_adamws_kicad-kbplacer.kbplacer_plugin_action 353: Switch pad without recognized net name found.
19:45:02 com_github_adamws_kicad-kbplacer.kbplacer_plugin_action 37: Searching for MX33 footprint
19:45:02 com_github_adamws_kicad-kbplacer.kbplacer_plugin_action 48: Setting MX33 footprint position: (163112500, 77387500)
19:45:02 com_github_adamws_kicad-kbplacer.kbplacer_plugin_action 37: Searching for ST33 footprint
19:45:02 com_github_adamws_kicad-kbplacer.kbplacer_plugin_action 40: Footprint not found
19:45:02 com_github_adamws_kicad-kbplacer.kbplacer_plugin_action 37: Searching for D33 footprint
19:45:02 com_github_adamws_kicad-kbplacer.kbplacer_plugin_action 48: Setting D33 footprint position: (159777500, 73645000)
19:45:02 com_github_adamws_kicad-kbplacer.kbplacer_plugin_action 341: Switch pad without recognized net name found.
19:45:02 com_github_adamws_kicad-kbplacer.kbplacer_plugin_action 37: Searching for D33 footprint
19:45:02 com_github_adamws_kicad-kbplacer.kbplacer_plugin_action 353: Switch pad without recognized net name found.
19:45:02 com_github_adamws_kicad-kbplacer.kbplacer_plugin_action 37: Searching for MX34 footprint
19:45:02 com_github_adamws_kicad-kbplacer.kbplacer_plugin_action 48: Setting MX34 footprint position: (182162500, 77387500)
19:45:02 com_github_adamws_kicad-kbplacer.kbplacer_plugin_action 37: Searching for ST34 footprint
19:45:02 com_github_adamws_kicad-kbplacer.kbplacer_plugin_action 40: Footprint not found
19:45:02 com_github_adamws_kicad-kbplacer.kbplacer_plugin_action 37: Searching for D34 footprint
19:45:02 com_github_adamws_kicad-kbplacer.kbplacer_plugin_action 48: Setting D34 footprint position: (178827500, 73645000)
19:45:02 com_github_adamws_kicad-kbplacer.kbplacer_plugin_action 341: Switch pad without recognized net name found.
19:45:02 com_github_adamws_kicad-kbplacer.kbplacer_plugin_action 37: Searching for D34 footprint
19:45:02 com_github_adamws_kicad-kbplacer.kbplacer_plugin_action 353: Switch pad without recognized net name found.
19:45:02 com_github_adamws_kicad-kbplacer.kbplacer_plugin_action 37: Searching for MX35 footprint
19:45:02 com_github_adamws_kicad-kbplacer.kbplacer_plugin_action 48: Setting MX35 footprint position: (201212500, 77387500)
19:45:02 com_github_adamws_kicad-kbplacer.kbplacer_plugin_action 37: Searching for ST35 footprint
19:45:02 com_github_adamws_kicad-kbplacer.kbplacer_plugin_action 40: Footprint not found
19:45:02 com_github_adamws_kicad-kbplacer.kbplacer_plugin_action 37: Searching for D35 footprint
19:45:02 com_github_adamws_kicad-kbplacer.kbplacer_plugin_action 48: Setting D35 footprint position: (197877500, 73645000)
19:45:02 com_github_adamws_kicad-kbplacer.kbplacer_plugin_action 341: Switch pad without recognized net name found.
19:45:02 com_github_adamws_kicad-kbplacer.kbplacer_plugin_action 37: Searching for D35 footprint
19:45:02 com_github_adamws_kicad-kbplacer.kbplacer_plugin_action 353: Switch pad without recognized net name found.
19:45:02 com_github_adamws_kicad-kbplacer.kbplacer_plugin_action 37: Searching for MX36 footprint
19:45:02 com_github_adamws_kicad-kbplacer.kbplacer_plugin_action 48: Setting MX36 footprint position: (220262500, 77387500)
19:45:02 com_github_adamws_kicad-kbplacer.kbplacer_plugin_action 37: Searching for ST36 footprint
19:45:02 com_github_adamws_kicad-kbplacer.kbplacer_plugin_action 40: Footprint not found
19:45:02 com_github_adamws_kicad-kbplacer.kbplacer_plugin_action 37: Searching for D36 footprint
19:45:02 com_github_adamws_kicad-kbplacer.kbplacer_plugin_action 48: Setting D36 footprint position: (216927500, 73645000)
19:45:02 com_github_adamws_kicad-kbplacer.kbplacer_plugin_action 341: Switch pad without recognized net name found.
19:45:02 com_github_adamws_kicad-kbplacer.kbplacer_plugin_action 37: Searching for D36 footprint
19:45:02 com_github_adamws_kicad-kbplacer.kbplacer_plugin_action 353: Switch pad without recognized net name found.
19:45:02 com_github_adamws_kicad-kbplacer.kbplacer_plugin_action 37: Searching for MX37 footprint
19:45:02 com_github_adamws_kicad-kbplacer.kbplacer_plugin_action 48: Setting MX37 footprint position: (239312500, 77387500)
19:45:02 com_github_adamws_kicad-kbplacer.kbplacer_plugin_action 37: Searching for ST37 footprint
19:45:02 com_github_adamws_kicad-kbplacer.kbplacer_plugin_action 40: Footprint not found
19:45:02 com_github_adamws_kicad-kbplacer.kbplacer_plugin_action 37: Searching for D37 footprint
19:45:02 com_github_adamws_kicad-kbplacer.kbplacer_plugin_action 48: Setting D37 footprint position: (235977500, 73645000)
19:45:02 com_github_adamws_kicad-kbplacer.kbplacer_plugin_action 341: Switch pad without recognized net name found.
19:45:02 com_github_adamws_kicad-kbplacer.kbplacer_plugin_action 37: Searching for D37 footprint
19:45:02 com_github_adamws_kicad-kbplacer.kbplacer_plugin_action 353: Switch pad without recognized net name found.
19:45:02 com_github_adamws_kicad-kbplacer.kbplacer_plugin_action 37: Searching for MX38 footprint
19:45:02 com_github_adamws_kicad-kbplacer.kbplacer_plugin_action 48: Setting MX38 footprint position: (265506250, 77387500)
19:45:02 com_github_adamws_kicad-kbplacer.kbplacer_plugin_action 37: Searching for ST38 footprint
19:45:02 com_github_adamws_kicad-kbplacer.kbplacer_plugin_action 40: Footprint not found
19:45:02 com_github_adamws_kicad-kbplacer.kbplacer_plugin_action 37: Searching for D38 footprint
19:45:02 com_github_adamws_kicad-kbplacer.kbplacer_plugin_action 48: Setting D38 footprint position: (262171250, 73645000)
19:45:02 com_github_adamws_kicad-kbplacer.kbplacer_plugin_action 341: Switch pad without recognized net name found.
19:45:02 com_github_adamws_kicad-kbplacer.kbplacer_plugin_action 37: Searching for D38 footprint
19:45:02 com_github_adamws_kicad-kbplacer.kbplacer_plugin_action 353: Switch pad without recognized net name found.
19:45:02 com_github_adamws_kicad-kbplacer.kbplacer_plugin_action 37: Searching for MX39 footprint
19:45:02 com_github_adamws_kicad-kbplacer.kbplacer_plugin_action 48: Setting MX39 footprint position: (34525000, 96437500)
19:45:02 com_github_adamws_kicad-kbplacer.kbplacer_plugin_action 37: Searching for ST39 footprint
19:45:02 com_github_adamws_kicad-kbplacer.kbplacer_plugin_action 40: Footprint not found
19:45:02 com_github_adamws_kicad-kbplacer.kbplacer_plugin_action 37: Searching for D39 footprint
19:45:02 com_github_adamws_kicad-kbplacer.kbplacer_plugin_action 48: Setting D39 footprint position: (31190000, 92695000)
19:45:02 com_github_adamws_kicad-kbplacer.kbplacer_plugin_action 341: Switch pad without recognized net name found.
19:45:02 com_github_adamws_kicad-kbplacer.kbplacer_plugin_action 37: Searching for D39 footprint
19:45:02 com_github_adamws_kicad-kbplacer.kbplacer_plugin_action 353: Switch pad without recognized net name found.
19:45:02 com_github_adamws_kicad-kbplacer.kbplacer_plugin_action 37: Searching for MX40 footprint
19:45:02 com_github_adamws_kicad-kbplacer.kbplacer_plugin_action 48: Setting MX40 footprint position: (53575000, 96437500)
19:45:02 com_github_adamws_kicad-kbplacer.kbplacer_plugin_action 37: Searching for ST40 footprint
19:45:02 com_github_adamws_kicad-kbplacer.kbplacer_plugin_action 40: Footprint not found
19:45:02 com_github_adamws_kicad-kbplacer.kbplacer_plugin_action 37: Searching for D40 footprint
19:45:02 com_github_adamws_kicad-kbplacer.kbplacer_plugin_action 48: Setting D40 footprint position: (50240000, 92695000)
19:45:02 com_github_adamws_kicad-kbplacer.kbplacer_plugin_action 341: Switch pad without recognized net name found.
19:45:02 com_github_adamws_kicad-kbplacer.kbplacer_plugin_action 37: Searching for D40 footprint
19:45:02 com_github_adamws_kicad-kbplacer.kbplacer_plugin_action 353: Switch pad without recognized net name found.
19:45:02 com_github_adamws_kicad-kbplacer.kbplacer_plugin_action 37: Searching for MX41 footprint
19:45:02 com_github_adamws_kicad-kbplacer.kbplacer_plugin_action 48: Setting MX41 footprint position: (72625000, 96437500)
19:45:02 com_github_adamws_kicad-kbplacer.kbplacer_plugin_action 37: Searching for ST41 footprint
19:45:02 com_github_adamws_kicad-kbplacer.kbplacer_plugin_action 40: Footprint not found
19:45:02 com_github_adamws_kicad-kbplacer.kbplacer_plugin_action 37: Searching for D41 footprint
19:45:02 com_github_adamws_kicad-kbplacer.kbplacer_plugin_action 48: Setting D41 footprint position: (69290000, 92695000)
19:45:02 com_github_adamws_kicad-kbplacer.kbplacer_plugin_action 341: Switch pad without recognized net name found.
19:45:02 com_github_adamws_kicad-kbplacer.kbplacer_plugin_action 37: Searching for D41 footprint
19:45:02 com_github_adamws_kicad-kbplacer.kbplacer_plugin_action 353: Switch pad without recognized net name found.
19:45:02 com_github_adamws_kicad-kbplacer.kbplacer_plugin_action 37: Searching for MX42 footprint
19:45:02 com_github_adamws_kicad-kbplacer.kbplacer_plugin_action 48: Setting MX42 footprint position: (91675000, 96437500)
19:45:02 com_github_adamws_kicad-kbplacer.kbplacer_plugin_action 37: Searching for ST42 footprint
19:45:02 com_github_adamws_kicad-kbplacer.kbplacer_plugin_action 40: Footprint not found
19:45:02 com_github_adamws_kicad-kbplacer.kbplacer_plugin_action 37: Searching for D42 footprint
19:45:02 com_github_adamws_kicad-kbplacer.kbplacer_plugin_action 48: Setting D42 footprint position: (88340000, 92695000)
19:45:02 com_github_adamws_kicad-kbplacer.kbplacer_plugin_action 341: Switch pad without recognized net name found.
19:45:02 com_github_adamws_kicad-kbplacer.kbplacer_plugin_action 37: Searching for D42 footprint
19:45:02 com_github_adamws_kicad-kbplacer.kbplacer_plugin_action 353: Switch pad without recognized net name found.
19:45:02 com_github_adamws_kicad-kbplacer.kbplacer_plugin_action 37: Searching for MX43 footprint
19:45:02 com_github_adamws_kicad-kbplacer.kbplacer_plugin_action 48: Setting MX43 footprint position: (110725000, 96437500)
19:45:02 com_github_adamws_kicad-kbplacer.kbplacer_plugin_action 37: Searching for ST43 footprint
19:45:02 com_github_adamws_kicad-kbplacer.kbplacer_plugin_action 40: Footprint not found
19:45:02 com_github_adamws_kicad-kbplacer.kbplacer_plugin_action 37: Searching for D43 footprint
19:45:02 com_github_adamws_kicad-kbplacer.kbplacer_plugin_action 48: Setting D43 footprint position: (107390000, 92695000)
19:45:02 com_github_adamws_kicad-kbplacer.kbplacer_plugin_action 341: Switch pad without recognized net name found.
19:45:02 com_github_adamws_kicad-kbplacer.kbplacer_plugin_action 37: Searching for D43 footprint
19:45:02 com_github_adamws_kicad-kbplacer.kbplacer_plugin_action 353: Switch pad without recognized net name found.
19:45:02 com_github_adamws_kicad-kbplacer.kbplacer_plugin_action 37: Searching for MX44 footprint
19:45:02 com_github_adamws_kicad-kbplacer.kbplacer_plugin_action 48: Setting MX44 footprint position: (129775000, 96437500)
19:45:02 com_github_adamws_kicad-kbplacer.kbplacer_plugin_action 37: Searching for ST44 footprint
19:45:02 com_github_adamws_kicad-kbplacer.kbplacer_plugin_action 40: Footprint not found
19:45:02 com_github_adamws_kicad-kbplacer.kbplacer_plugin_action 37: Searching for D44 footprint
19:45:02 com_github_adamws_kicad-kbplacer.kbplacer_plugin_action 48: Setting D44 footprint position: (126440000, 92695000)
19:45:02 com_github_adamws_kicad-kbplacer.kbplacer_plugin_action 341: Switch pad without recognized net name found.
19:45:02 com_github_adamws_kicad-kbplacer.kbplacer_plugin_action 37: Searching for D44 footprint
19:45:02 com_github_adamws_kicad-kbplacer.kbplacer_plugin_action 353: Switch pad without recognized net name found.
19:45:02 com_github_adamws_kicad-kbplacer.kbplacer_plugin_action 37: Searching for MX45 footprint
19:45:02 com_github_adamws_kicad-kbplacer.kbplacer_plugin_action 48: Setting MX45 footprint position: (148825000, 96437500)
19:45:02 com_github_adamws_kicad-kbplacer.kbplacer_plugin_action 37: Searching for ST45 footprint
19:45:02 com_github_adamws_kicad-kbplacer.kbplacer_plugin_action 40: Footprint not found
19:45:02 com_github_adamws_kicad-kbplacer.kbplacer_plugin_action 37: Searching for D45 footprint
19:45:02 com_github_adamws_kicad-kbplacer.kbplacer_plugin_action 48: Setting D45 footprint position: (145490000, 92695000)
19:45:02 com_github_adamws_kicad-kbplacer.kbplacer_plugin_action 341: Switch pad without recognized net name found.
19:45:02 com_github_adamws_kicad-kbplacer.kbplacer_plugin_action 37: Searching for D45 footprint
19:45:02 com_github_adamws_kicad-kbplacer.kbplacer_plugin_action 353: Switch pad without recognized net name found.
19:45:02 com_github_adamws_kicad-kbplacer.kbplacer_plugin_action 37: Searching for MX46 footprint
19:45:02 com_github_adamws_kicad-kbplacer.kbplacer_plugin_action 48: Setting MX46 footprint position: (167875000, 96437500)
19:45:02 com_github_adamws_kicad-kbplacer.kbplacer_plugin_action 37: Searching for ST46 footprint
19:45:02 com_github_adamws_kicad-kbplacer.kbplacer_plugin_action 40: Footprint not found
19:45:02 com_github_adamws_kicad-kbplacer.kbplacer_plugin_action 37: Searching for D46 footprint
19:45:02 com_github_adamws_kicad-kbplacer.kbplacer_plugin_action 48: Setting D46 footprint position: (164540000, 92695000)
19:45:02 com_github_adamws_kicad-kbplacer.kbplacer_plugin_action 341: Switch pad without recognized net name found.
19:45:02 com_github_adamws_kicad-kbplacer.kbplacer_plugin_action 37: Searching for D46 footprint
19:45:02 com_github_adamws_kicad-kbplacer.kbplacer_plugin_action 353: Switch pad without recognized net name found.
19:45:02 com_github_adamws_kicad-kbplacer.kbplacer_plugin_action 37: Searching for MX47 footprint
19:45:02 com_github_adamws_kicad-kbplacer.kbplacer_plugin_action 48: Setting MX47 footprint position: (186925000, 96437500)
19:45:02 com_github_adamws_kicad-kbplacer.kbplacer_plugin_action 37: Searching for ST47 footprint
19:45:02 com_github_adamws_kicad-kbplacer.kbplacer_plugin_action 40: Footprint not found
19:45:02 com_github_adamws_kicad-kbplacer.kbplacer_plugin_action 37: Searching for D47 footprint
19:45:02 com_github_adamws_kicad-kbplacer.kbplacer_plugin_action 48: Setting D47 footprint position: (183590000, 92695000)
19:45:02 com_github_adamws_kicad-kbplacer.kbplacer_plugin_action 341: Switch pad without recognized net name found.
19:45:02 com_github_adamws_kicad-kbplacer.kbplacer_plugin_action 37: Searching for D47 footprint
19:45:02 com_github_adamws_kicad-kbplacer.kbplacer_plugin_action 353: Switch pad without recognized net name found.
19:45:02 com_github_adamws_kicad-kbplacer.kbplacer_plugin_action 37: Searching for MX48 footprint
19:45:02 com_github_adamws_kicad-kbplacer.kbplacer_plugin_action 48: Setting MX48 footprint position: (205975000, 96437500)
19:45:02 com_github_adamws_kicad-kbplacer.kbplacer_plugin_action 37: Searching for ST48 footprint
19:45:02 com_github_adamws_kicad-kbplacer.kbplacer_plugin_action 40: Footprint not found
19:45:02 com_github_adamws_kicad-kbplacer.kbplacer_plugin_action 37: Searching for D48 footprint
19:45:02 com_github_adamws_kicad-kbplacer.kbplacer_plugin_action 48: Setting D48 footprint position: (202640000, 92695000)
19:45:02 com_github_adamws_kicad-kbplacer.kbplacer_plugin_action 341: Switch pad without recognized net name found.
19:45:02 com_github_adamws_kicad-kbplacer.kbplacer_plugin_action 37: Searching for D48 footprint
19:45:02 com_github_adamws_kicad-kbplacer.kbplacer_plugin_action 353: Switch pad without recognized net name found.
19:45:02 com_github_adamws_kicad-kbplacer.kbplacer_plugin_action 37: Searching for MX49 footprint
19:45:02 com_github_adamws_kicad-kbplacer.kbplacer_plugin_action 48: Setting MX49 footprint position: (225025000, 96437500)
19:45:02 com_github_adamws_kicad-kbplacer.kbplacer_plugin_action 37: Searching for ST49 footprint
19:45:02 com_github_adamws_kicad-kbplacer.kbplacer_plugin_action 40: Footprint not found
19:45:02 com_github_adamws_kicad-kbplacer.kbplacer_plugin_action 37: Searching for D49 footprint
19:45:02 com_github_adamws_kicad-kbplacer.kbplacer_plugin_action 48: Setting D49 footprint position: (221690000, 92695000)
19:45:02 com_github_adamws_kicad-kbplacer.kbplacer_plugin_action 341: Switch pad without recognized net name found.
19:45:02 com_github_adamws_kicad-kbplacer.kbplacer_plugin_action 37: Searching for D49 footprint
19:45:02 com_github_adamws_kicad-kbplacer.kbplacer_plugin_action 353: Switch pad without recognized net name found.
19:45:02 com_github_adamws_kicad-kbplacer.kbplacer_plugin_action 37: Searching for MX50 footprint
19:45:02 com_github_adamws_kicad-kbplacer.kbplacer_plugin_action 48: Setting MX50 footprint position: (244075000, 96437500)
19:45:02 com_github_adamws_kicad-kbplacer.kbplacer_plugin_action 37: Searching for ST50 footprint
19:45:02 com_github_adamws_kicad-kbplacer.kbplacer_plugin_action 40: Footprint not found
19:45:02 com_github_adamws_kicad-kbplacer.kbplacer_plugin_action 37: Searching for D50 footprint
19:45:02 com_github_adamws_kicad-kbplacer.kbplacer_plugin_action 48: Setting D50 footprint position: (240740000, 92695000)
19:45:02 com_github_adamws_kicad-kbplacer.kbplacer_plugin_action 341: Switch pad without recognized net name found.
19:45:02 com_github_adamws_kicad-kbplacer.kbplacer_plugin_action 37: Searching for D50 footprint
19:45:02 com_github_adamws_kicad-kbplacer.kbplacer_plugin_action 353: Switch pad without recognized net name found.
19:45:02 com_github_adamws_kicad-kbplacer.kbplacer_plugin_action 37: Searching for MX51 footprint
19:45:02 com_github_adamws_kicad-kbplacer.kbplacer_plugin_action 48: Setting MX51 footprint position: (267887500, 101200000)
19:45:02 com_github_adamws_kicad-kbplacer.kbplacer_plugin_action 37: Searching for ST51 footprint
19:45:02 com_github_adamws_kicad-kbplacer.kbplacer_plugin_action 40: Footprint not found
19:45:02 com_github_adamws_kicad-kbplacer.kbplacer_plugin_action 37: Searching for D51 footprint
19:45:02 com_github_adamws_kicad-kbplacer.kbplacer_plugin_action 48: Setting D51 footprint position: (264552500, 97457500)
19:45:02 com_github_adamws_kicad-kbplacer.kbplacer_plugin_action 341: Switch pad without recognized net name found.
19:45:02 com_github_adamws_kicad-kbplacer.kbplacer_plugin_action 37: Searching for D51 footprint
19:45:02 com_github_adamws_kicad-kbplacer.kbplacer_plugin_action 353: Switch pad without recognized net name found.
19:45:02 com_github_adamws_kicad-kbplacer.kbplacer_plugin_action 37: Searching for MX52 footprint
19:45:02 com_github_adamws_kicad-kbplacer.kbplacer_plugin_action 48: Setting MX52 footprint position: (36906250, 115487500)
19:45:02 com_github_adamws_kicad-kbplacer.kbplacer_plugin_action 37: Searching for ST52 footprint
19:45:02 com_github_adamws_kicad-kbplacer.kbplacer_plugin_action 40: Footprint not found
19:45:02 com_github_adamws_kicad-kbplacer.kbplacer_plugin_action 37: Searching for D52 footprint
19:45:02 com_github_adamws_kicad-kbplacer.kbplacer_plugin_action 48: Setting D52 footprint position: (33571250, 111745000)
19:45:02 com_github_adamws_kicad-kbplacer.kbplacer_plugin_action 341: Switch pad without recognized net name found.
19:45:02 com_github_adamws_kicad-kbplacer.kbplacer_plugin_action 37: Searching for D52 footprint
19:45:02 com_github_adamws_kicad-kbplacer.kbplacer_plugin_action 353: Switch pad without recognized net name found.
19:45:02 com_github_adamws_kicad-kbplacer.kbplacer_plugin_action 37: Searching for MX53 footprint
19:45:02 com_github_adamws_kicad-kbplacer.kbplacer_plugin_action 48: Setting MX53 footprint position: (60718750, 115487500)
19:45:02 com_github_adamws_kicad-kbplacer.kbplacer_plugin_action 37: Searching for ST53 footprint
19:45:02 com_github_adamws_kicad-kbplacer.kbplacer_plugin_action 40: Footprint not found
19:45:02 com_github_adamws_kicad-kbplacer.kbplacer_plugin_action 37: Searching for D53 footprint
19:45:02 com_github_adamws_kicad-kbplacer.kbplacer_plugin_action 48: Setting D53 footprint position: (57383750, 111745000)
19:45:02 com_github_adamws_kicad-kbplacer.kbplacer_plugin_action 341: Switch pad without recognized net name found.
19:45:02 com_github_adamws_kicad-kbplacer.kbplacer_plugin_action 37: Searching for D53 footprint
19:45:02 com_github_adamws_kicad-kbplacer.kbplacer_plugin_action 353: Switch pad without recognized net name found.
19:45:02 com_github_adamws_kicad-kbplacer.kbplacer_plugin_action 37: Searching for MX54 footprint
19:45:02 com_github_adamws_kicad-kbplacer.kbplacer_plugin_action 48: Setting MX54 footprint position: (84531250, 115487500)
19:45:02 com_github_adamws_kicad-kbplacer.kbplacer_plugin_action 37: Searching for ST54 footprint
19:45:02 com_github_adamws_kicad-kbplacer.kbplacer_plugin_action 40: Footprint not found
19:45:02 com_github_adamws_kicad-kbplacer.kbplacer_plugin_action 37: Searching for D54 footprint
19:45:02 com_github_adamws_kicad-kbplacer.kbplacer_plugin_action 48: Setting D54 footprint position: (81196250, 111745000)
19:45:02 com_github_adamws_kicad-kbplacer.kbplacer_plugin_action 341: Switch pad without recognized net name found.
19:45:02 com_github_adamws_kicad-kbplacer.kbplacer_plugin_action 37: Searching for D54 footprint
19:45:02 com_github_adamws_kicad-kbplacer.kbplacer_plugin_action 353: Switch pad without recognized net name found.
19:45:02 com_github_adamws_kicad-kbplacer.kbplacer_plugin_action 37: Searching for MX55 footprint
19:45:02 com_github_adamws_kicad-kbplacer.kbplacer_plugin_action 48: Setting MX55 footprint position: (222643750, 115487500)
19:45:02 com_github_adamws_kicad-kbplacer.kbplacer_plugin_action 37: Searching for ST55 footprint
19:45:02 com_github_adamws_kicad-kbplacer.kbplacer_plugin_action 40: Footprint not found
19:45:02 com_github_adamws_kicad-kbplacer.kbplacer_plugin_action 37: Searching for D55 footprint
19:45:02 com_github_adamws_kicad-kbplacer.kbplacer_plugin_action 48: Setting D55 footprint position: (219308750, 111745000)
19:45:02 com_github_adamws_kicad-kbplacer.kbplacer_plugin_action 341: Switch pad without recognized net name found.
19:45:02 com_github_adamws_kicad-kbplacer.kbplacer_plugin_action 37: Searching for D55 footprint
19:45:02 com_github_adamws_kicad-kbplacer.kbplacer_plugin_action 353: Switch pad without recognized net name found.
19:45:02 com_github_adamws_kicad-kbplacer.kbplacer_plugin_action 37: Searching for MX56 footprint
19:45:02 com_github_adamws_kicad-kbplacer.kbplacer_plugin_action 48: Setting MX56 footprint position: (110725000, 120250000)
19:45:02 com_github_adamws_kicad-kbplacer.kbplacer_plugin_action 37: Searching for ST56 footprint
19:45:02 com_github_adamws_kicad-kbplacer.kbplacer_plugin_action 40: Footprint not found
19:45:02 com_github_adamws_kicad-kbplacer.kbplacer_plugin_action 37: Searching for D56 footprint
19:45:02 com_github_adamws_kicad-kbplacer.kbplacer_plugin_action 48: Setting D56 footprint position: (107390000, 116507500)
19:45:02 com_github_adamws_kicad-kbplacer.kbplacer_plugin_action 341: Switch pad without recognized net name found.
19:45:02 com_github_adamws_kicad-kbplacer.kbplacer_plugin_action 37: Searching for D56 footprint
19:45:02 com_github_adamws_kicad-kbplacer.kbplacer_plugin_action 353: Switch pad without recognized net name found.
19:45:02 com_github_adamws_kicad-kbplacer.kbplacer_plugin_action 37: Searching for MX57 footprint
19:45:02 com_github_adamws_kicad-kbplacer.kbplacer_plugin_action 48: Setting MX57 footprint position: (136918750, 120250000)
19:45:02 com_github_adamws_kicad-kbplacer.kbplacer_plugin_action 37: Searching for ST57 footprint
19:45:02 com_github_adamws_kicad-kbplacer.kbplacer_plugin_action 40: Footprint not found
19:45:02 com_github_adamws_kicad-kbplacer.kbplacer_plugin_action 37: Searching for D57 footprint
19:45:02 com_github_adamws_kicad-kbplacer.kbplacer_plugin_action 48: Setting D57 footprint position: (133583750, 116507500)
19:45:02 com_github_adamws_kicad-kbplacer.kbplacer_plugin_action 341: Switch pad without recognized net name found.
19:45:02 com_github_adamws_kicad-kbplacer.kbplacer_plugin_action 37: Searching for D57 footprint
19:45:02 com_github_adamws_kicad-kbplacer.kbplacer_plugin_action 353: Switch pad without recognized net name found.
19:45:02 com_github_adamws_kicad-kbplacer.kbplacer_plugin_action 37: Searching for MX58 footprint
19:45:02 com_github_adamws_kicad-kbplacer.kbplacer_plugin_action 48: Setting MX58 footprint position: (170256250, 120250000)
19:45:02 com_github_adamws_kicad-kbplacer.kbplacer_plugin_action 37: Searching for ST58 footprint
19:45:02 com_github_adamws_kicad-kbplacer.kbplacer_plugin_action 40: Footprint not found
19:45:02 com_github_adamws_kicad-kbplacer.kbplacer_plugin_action 37: Searching for D58 footprint
19:45:02 com_github_adamws_kicad-kbplacer.kbplacer_plugin_action 48: Setting D58 footprint position: (166921250, 116507500)
19:45:02 com_github_adamws_kicad-kbplacer.kbplacer_plugin_action 341: Switch pad without recognized net name found.
19:45:02 com_github_adamws_kicad-kbplacer.kbplacer_plugin_action 37: Searching for D58 footprint
19:45:02 com_github_adamws_kicad-kbplacer.kbplacer_plugin_action 353: Switch pad without recognized net name found.
19:45:02 com_github_adamws_kicad-kbplacer.kbplacer_plugin_action 37: Searching for MX59 footprint
19:45:02 com_github_adamws_kicad-kbplacer.kbplacer_plugin_action 48: Setting MX59 footprint position: (196450000, 120250000)
19:45:02 com_github_adamws_kicad-kbplacer.kbplacer_plugin_action 37: Searching for ST59 footprint
19:45:02 com_github_adamws_kicad-kbplacer.kbplacer_plugin_action 40: Footprint not found
19:45:02 com_github_adamws_kicad-kbplacer.kbplacer_plugin_action 37: Searching for D59 footprint
19:45:02 com_github_adamws_kicad-kbplacer.kbplacer_plugin_action 48: Setting D59 footprint position: (193115000, 116507500)
19:45:02 com_github_adamws_kicad-kbplacer.kbplacer_plugin_action 341: Switch pad without recognized net name found.
19:45:02 com_github_adamws_kicad-kbplacer.kbplacer_plugin_action 37: Searching for D59 footprint
19:45:02 com_github_adamws_kicad-kbplacer.kbplacer_plugin_action 353: Switch pad without recognized net name found.
19:45:02 com_github_adamws_kicad-kbplacer.kbplacer_plugin_action 37: Searching for MX60 footprint
19:45:02 com_github_adamws_kicad-kbplacer.kbplacer_plugin_action 48: Setting MX60 footprint position: (248837500, 120250000)
19:45:02 com_github_adamws_kicad-kbplacer.kbplacer_plugin_action 37: Searching for ST60 footprint
19:45:02 com_github_adamws_kicad-kbplacer.kbplacer_plugin_action 40: Footprint not found
19:45:02 com_github_adamws_kicad-kbplacer.kbplacer_plugin_action 37: Searching for D60 footprint
19:45:02 com_github_adamws_kicad-kbplacer.kbplacer_plugin_action 48: Setting D60 footprint position: (245502500, 116507500)
19:45:02 com_github_adamws_kicad-kbplacer.kbplacer_plugin_action 341: Switch pad without recognized net name found.
19:45:02 com_github_adamws_kicad-kbplacer.kbplacer_plugin_action 37: Searching for D60 footprint
19:45:02 com_github_adamws_kicad-kbplacer.kbplacer_plugin_action 353: Switch pad without recognized net name found.
19:45:02 com_github_adamws_kicad-kbplacer.kbplacer_plugin_action 37: Searching for MX61 footprint
19:45:02 com_github_adamws_kicad-kbplacer.kbplacer_plugin_action 48: Setting MX61 footprint position: (267887500, 120250000)
19:45:02 com_github_adamws_kicad-kbplacer.kbplacer_plugin_action 37: Searching for ST61 footprint
19:45:02 com_github_adamws_kicad-kbplacer.kbplacer_plugin_action 40: Footprint not found
19:45:02 com_github_adamws_kicad-kbplacer.kbplacer_plugin_action 37: Searching for D61 footprint
19:45:02 com_github_adamws_kicad-kbplacer.kbplacer_plugin_action 48: Setting D61 footprint position: (264552500, 116507500)
19:45:02 com_github_adamws_kicad-kbplacer.kbplacer_plugin_action 341: Switch pad without recognized net name found.
19:45:02 com_github_adamws_kicad-kbplacer.kbplacer_plugin_action 37: Searching for D61 footprint
19:45:02 com_github_adamws_kicad-kbplacer.kbplacer_plugin_action 353: Switch pad without recognized net name found.
19:45:02 com_github_adamws_kicad-kbplacer.kbplacer_plugin_action 37: Searching for MX62 footprint
19:45:02 com_github_adamws_kicad-kbplacer.kbplacer_plugin_action 48: Setting MX62 footprint position: (286937500, 120250000)
19:45:02 com_github_adamws_kicad-kbplacer.kbplacer_plugin_action 37: Searching for ST62 footprint
19:45:02 com_github_adamws_kicad-kbplacer.kbplacer_plugin_action 40: Footprint not found
19:45:02 com_github_adamws_kicad-kbplacer.kbplacer_plugin_action 37: Searching for D62 footprint
19:45:02 com_github_adamws_kicad-kbplacer.kbplacer_plugin_action 48: Setting D62 footprint position: (283602500, 116507500)
19:45:02 com_github_adamws_kicad-kbplacer.kbplacer_plugin_action 341: Switch pad without recognized net name found.
19:45:02 com_github_adamws_kicad-kbplacer.kbplacer_plugin_action 37: Searching for D62 footprint
19:45:02 com_github_adamws_kicad-kbplacer.kbplacer_plugin_action 353: Switch pad without recognized net name found.
